[0.674s] Invoking command in '/home/legacy/magnetic_arm/src/magnetic_robot': PYTHONPATH=/home/legacy/magnetic_arm/install/magnetic_robot/lib/python3.8/site-packages:${PYTHONPATH} /usr/bin/python3 setup.py egg_info --egg-base ../../build/magnetic_robot build --build-base /home/legacy/magnetic_arm/build/magnetic_robot/build install --prefix /home/legacy/magnetic_arm/install/magnetic_robot --record /home/legacy/magnetic_arm/build/magnetic_robot/install.log --single-version-externally-managed
[0.967s] running egg_info
[0.967s] creating ../../build/magnetic_robot/magnetic_robot.egg-info
[0.968s] writing ../../build/magnetic_robot/magnetic_robot.egg-info/PKG-INFO
[0.968s] writing dependency_links to ../../build/magnetic_robot/magnetic_robot.egg-info/dependency_links.txt
[0.968s] writing entry points to ../../build/magnetic_robot/magnetic_robot.egg-info/entry_points.txt
[0.968s] writing requirements to ../../build/magnetic_robot/magnetic_robot.egg-info/requires.txt
[0.968s] writing top-level names to ../../build/magnetic_robot/magnetic_robot.egg-info/top_level.txt
[0.969s] writing manifest file '../../build/magnetic_robot/magnetic_robot.egg-info/SOURCES.txt'
[1.009s] reading manifest file '../../build/magnetic_robot/magnetic_robot.egg-info/SOURCES.txt'
[1.010s] writing manifest file '../../build/magnetic_robot/magnetic_robot.egg-info/SOURCES.txt'
[1.010s] running build
[1.011s] running build_py
[1.011s] creating /home/legacy/magnetic_arm/build/magnetic_robot/build
[1.011s] creating /home/legacy/magnetic_arm/build/magnetic_robot/build/lib
[1.011s] creating /home/legacy/magnetic_arm/build/magnetic_robot/build/lib/magnetic_robot
[1.011s] copying magnetic_robot/__init__.py -> /home/legacy/magnetic_arm/build/magnetic_robot/build/lib/magnetic_robot
[1.012s] copying magnetic_robot/position_controller.py -> /home/legacy/magnetic_arm/build/magnetic_robot/build/lib/magnetic_robot
[1.012s] running install
[1.013s] running install_lib
[1.014s] creating /home/legacy/magnetic_arm/install/magnetic_robot/lib/python3.8/site-packages/magnetic_robot
[1.014s] copying /home/legacy/magnetic_arm/build/magnetic_robot/build/lib/magnetic_robot/__init__.py -> /home/legacy/magnetic_arm/install/magnetic_robot/lib/python3.8/site-packages/magnetic_robot
[1.014s] copying /home/legacy/magnetic_arm/build/magnetic_robot/build/lib/magnetic_robot/position_controller.py -> /home/legacy/magnetic_arm/install/magnetic_robot/lib/python3.8/site-packages/magnetic_robot
[1.015s] byte-compiling /home/legacy/magnetic_arm/install/magnetic_robot/lib/python3.8/site-packages/magnetic_robot/__init__.py to __init__.cpython-38.pyc
[1.016s] byte-compiling /home/legacy/magnetic_arm/install/magnetic_robot/lib/python3.8/site-packages/magnetic_robot/position_controller.py to position_controller.cpython-38.pyc
[1.017s] running install_data
[1.018s] creating /home/legacy/magnetic_arm/install/magnetic_robot/share/ament_index
[1.018s] creating /home/legacy/magnetic_arm/install/magnetic_robot/share/ament_index/resource_index
[1.018s] creating /home/legacy/magnetic_arm/install/magnetic_robot/share/ament_index/resource_index/packages
[1.018s] copying resource/magnetic_robot -> /home/legacy/magnetic_arm/install/magnetic_robot/share/ament_index/resource_index/packages
[1.019s] copying package.xml -> /home/legacy/magnetic_arm/install/magnetic_robot/share/magnetic_robot
[1.019s] creating /home/legacy/magnetic_arm/install/magnetic_robot/share/magnetic_robot/urdf
[1.019s] copying urdf/Magnetic_robot.urdf -> /home/legacy/magnetic_arm/install/magnetic_robot/share/magnetic_robot/urdf
[1.019s] copying urdf/Magnetic_robot.urdf.xacro -> /home/legacy/magnetic_arm/install/magnetic_robot/share/magnetic_robot/urdf
[1.019s] creating /home/legacy/magnetic_arm/install/magnetic_robot/share/magnetic_robot/launch
[1.019s] copying launch/gazebo.launch.py -> /home/legacy/magnetic_arm/install/magnetic_robot/share/magnetic_robot/launch
[1.020s] copying launch/display.launch.py -> /home/legacy/magnetic_arm/install/magnetic_robot/share/magnetic_robot/launch
[1.020s] copying launch/move.launch.py -> /home/legacy/magnetic_arm/install/magnetic_robot/share/magnetic_robot/launch
[1.020s] copying launch/controller.launch.py -> /home/legacy/magnetic_arm/install/magnetic_robot/share/magnetic_robot/launch
[1.020s] creating /home/legacy/magnetic_arm/install/magnetic_robot/share/magnetic_robot/meshes
[1.020s] copying meshes/link_3.STL -> /home/legacy/magnetic_arm/install/magnetic_robot/share/magnetic_robot/meshes
[1.021s] copying meshes/link_2.STL -> /home/legacy/magnetic_arm/install/magnetic_robot/share/magnetic_robot/meshes
[1.023s] copying meshes/link_6.STL -> /home/legacy/magnetic_arm/install/magnetic_robot/share/magnetic_robot/meshes
[1.024s] copying meshes/link_5.STL -> /home/legacy/magnetic_arm/install/magnetic_robot/share/magnetic_robot/meshes
[1.026s] copying meshes/link_1.STL -> /home/legacy/magnetic_arm/install/magnetic_robot/share/magnetic_robot/meshes
[1.028s] copying meshes/link_4.STL -> /home/legacy/magnetic_arm/install/magnetic_robot/share/magnetic_robot/meshes
[1.029s] copying meshes/base_link.STL -> /home/legacy/magnetic_arm/install/magnetic_robot/share/magnetic_robot/meshes
[1.029s] creating /home/legacy/magnetic_arm/install/magnetic_robot/share/magnetic_robot/config
[1.030s] copying config/trajectory_params.yaml -> /home/legacy/magnetic_arm/install/magnetic_robot/share/magnetic_robot/config
[1.030s] copying config/controller.yaml -> /home/legacy/magnetic_arm/install/magnetic_robot/share/magnetic_robot/config
[1.030s] creating /home/legacy/magnetic_arm/install/magnetic_robot/share/magnetic_robot/worlds
[1.030s] copying worlds/sim_world.world -> /home/legacy/magnetic_arm/install/magnetic_robot/share/magnetic_robot/worlds
[1.030s] running install_egg_info
[1.032s] Copying ../../build/magnetic_robot/magnetic_robot.egg-info to /home/legacy/magnetic_arm/install/magnetic_robot/lib/python3.8/site-packages/magnetic_robot-0.0.0-py3.8.egg-info
[1.032s] running install_scripts
[1.047s] Installing position_controller script to /home/legacy/magnetic_arm/install/magnetic_robot/lib/magnetic_robot
[1.047s] writing list of installed files to '/home/legacy/magnetic_arm/build/magnetic_robot/install.log'
[1.066s] Invoked command in '/home/legacy/magnetic_arm/src/magnetic_robot' returned '0': PYTHONPATH=/home/legacy/magnetic_arm/install/magnetic_robot/lib/python3.8/site-packages:${PYTHONPATH} /usr/bin/python3 setup.py egg_info --egg-base ../../build/magnetic_robot build --build-base /home/legacy/magnetic_arm/build/magnetic_robot/build install --prefix /home/legacy/magnetic_arm/install/magnetic_robot --record /home/legacy/magnetic_arm/build/magnetic_robot/install.log --single-version-externally-managed
