[0.701s] Invoking command in '/home/legacy/magnetic_arm/src/magnetic_robot': PYTHONPATH=/home/legacy/magnetic_arm/install/magnetic_robot/lib/python3.8/site-packages:${PYTHONPATH} /usr/bin/python3 setup.py egg_info --egg-base ../../build/magnetic_robot build --build-base /home/legacy/magnetic_arm/build/magnetic_robot/build install --prefix /home/legacy/magnetic_arm/install/magnetic_robot --record /home/legacy/magnetic_arm/build/magnetic_robot/install.log --single-version-externally-managed
[0.944s] running egg_info
[0.945s] writing ../../build/magnetic_robot/magnetic_robot.egg-info/PKG-INFO
[0.945s] writing dependency_links to ../../build/magnetic_robot/magnetic_robot.egg-info/dependency_links.txt
[0.945s] writing entry points to ../../build/magnetic_robot/magnetic_robot.egg-info/entry_points.txt
[0.945s] writing requirements to ../../build/magnetic_robot/magnetic_robot.egg-info/requires.txt
[0.945s] writing top-level names to ../../build/magnetic_robot/magnetic_robot.egg-info/top_level.txt
[0.979s] reading manifest file '../../build/magnetic_robot/magnetic_robot.egg-info/SOURCES.txt'
[0.980s] writing manifest file '../../build/magnetic_robot/magnetic_robot.egg-info/SOURCES.txt'
[0.980s] running build
[0.981s] running build_py
[0.981s] copying magnetic_robot/position_controller.py -> /home/legacy/magnetic_arm/build/magnetic_robot/build/lib/magnetic_robot
[0.981s] running install
[0.981s] running install_lib
[0.982s] copying /home/legacy/magnetic_arm/build/magnetic_robot/build/lib/magnetic_robot/position_controller.py -> /home/legacy/magnetic_arm/install/magnetic_robot/lib/python3.8/site-packages/magnetic_robot
[0.983s] byte-compiling /home/legacy/magnetic_arm/install/magnetic_robot/lib/python3.8/site-packages/magnetic_robot/position_controller.py to position_controller.cpython-38.pyc
[0.984s] running install_data
[0.985s] running install_egg_info
[0.986s] removing '/home/legacy/magnetic_arm/install/magnetic_robot/lib/python3.8/site-packages/magnetic_robot-0.0.0-py3.8.egg-info' (and everything under it)
[0.987s] Copying ../../build/magnetic_robot/magnetic_robot.egg-info to /home/legacy/magnetic_arm/install/magnetic_robot/lib/python3.8/site-packages/magnetic_robot-0.0.0-py3.8.egg-info
[0.987s] running install_scripts
[1.002s] Installing position_controller script to /home/legacy/magnetic_arm/install/magnetic_robot/lib/magnetic_robot
[1.003s] writing list of installed files to '/home/legacy/magnetic_arm/build/magnetic_robot/install.log'
[1.021s] Invoked command in '/home/legacy/magnetic_arm/src/magnetic_robot' returned '0': PYTHONPATH=/home/legacy/magnetic_arm/install/magnetic_robot/lib/python3.8/site-packages:${PYTHONPATH} /usr/bin/python3 setup.py egg_info --egg-base ../../build/magnetic_robot build --build-base /home/legacy/magnetic_arm/build/magnetic_robot/build install --prefix /home/legacy/magnetic_arm/install/magnetic_robot --record /home/legacy/magnetic_arm/build/magnetic_robot/install.log --single-version-externally-managed
