/home/legacy/.local/lib/python3.8/site-packages/setuptools/dist.py:772: UserWarning: Usage of dash-separated 'script-dir' will not be supported in future versions. Please use the underscore name 'script_dir' instead
  warnings.warn(
/home/legacy/.local/lib/python3.8/site-packages/setuptools/dist.py:772: UserWarning: Usage of dash-separated 'install-scripts' will not be supported in future versions. Please use the underscore name 'install_scripts' instead
  warnings.warn(
running egg_info
writing ../../build/magnetic_robot/magnetic_robot.egg-info/PKG-INFO
writing dependency_links to ../../build/magnetic_robot/magnetic_robot.egg-info/dependency_links.txt
writing entry points to ../../build/magnetic_robot/magnetic_robot.egg-info/entry_points.txt
writing requirements to ../../build/magnetic_robot/magnetic_robot.egg-info/requires.txt
writing top-level names to ../../build/magnetic_robot/magnetic_robot.egg-info/top_level.txt
reading manifest file '../../build/magnetic_robot/magnetic_robot.egg-info/SOURCES.txt'
writing manifest file '../../build/magnetic_robot/magnetic_robot.egg-info/SOURCES.txt'
running build
running build_py
running install
/home/legacy/.local/lib/python3.8/site-packages/setuptools/command/install.py:34: SetuptoolsDeprecationWarning: setup.py install is deprecated. Use build and pip and other standards-based tools.
  warnings.warn(
running install_lib
running install_data
copying urdf/Magnetic_robot_effort.urdf -> /home/legacy/magnetic_arm/install/magnetic_robot/share/magnetic_robot/urdf
running install_egg_info
removing '/home/legacy/magnetic_arm/install/magnetic_robot/lib/python3.8/site-packages/magnetic_robot-0.0.0-py3.8.egg-info' (and everything under it)
Copying ../../build/magnetic_robot/magnetic_robot.egg-info to /home/legacy/magnetic_arm/install/magnetic_robot/lib/python3.8/site-packages/magnetic_robot-0.0.0-py3.8.egg-info
running install_scripts
Installing position_controller script to /home/legacy/magnetic_arm/install/magnetic_robot/lib/magnetic_robot
writing list of installed files to '/home/legacy/magnetic_arm/build/magnetic_robot/install.log'
