/home/legacy/magnetic_arm/install/magnetic_robot/lib/python3.8/site-packages/magnetic_robot/__init__.py
/home/legacy/magnetic_arm/install/magnetic_robot/lib/python3.8/site-packages/magnetic_robot/position_controller.py
/home/legacy/magnetic_arm/install/magnetic_robot/lib/python3.8/site-packages/magnetic_robot/__pycache__/__init__.cpython-38.pyc
/home/legacy/magnetic_arm/install/magnetic_robot/lib/python3.8/site-packages/magnetic_robot/__pycache__/position_controller.cpython-38.pyc
/home/legacy/magnetic_arm/install/magnetic_robot/share/ament_index/resource_index/packages/magnetic_robot
/home/legacy/magnetic_arm/install/magnetic_robot/share/magnetic_robot/package.xml
/home/legacy/magnetic_arm/install/magnetic_robot/share/magnetic_robot/urdf/Magnetic_robot.urdf
/home/legacy/magnetic_arm/install/magnetic_robot/share/magnetic_robot/urdf/Magnetic_robot.urdf.xacro
/home/legacy/magnetic_arm/install/magnetic_robot/share/magnetic_robot/urdf/Magnetic_robot_effort.urdf
/home/legacy/magnetic_arm/install/magnetic_robot/share/magnetic_robot/launch/spawn.launch.py
/home/legacy/magnetic_arm/install/magnetic_robot/share/magnetic_robot/launch/effort_controller.launch.py
/home/legacy/magnetic_arm/install/magnetic_robot/share/magnetic_robot/launch/gazebo.launch.py
/home/legacy/magnetic_arm/install/magnetic_robot/share/magnetic_robot/launch/display.launch.py
/home/legacy/magnetic_arm/install/magnetic_robot/share/magnetic_robot/launch/move.launch.py
/home/legacy/magnetic_arm/install/magnetic_robot/share/magnetic_robot/launch/controller.launch.py
/home/legacy/magnetic_arm/install/magnetic_robot/share/magnetic_robot/meshes/link_3.STL
/home/legacy/magnetic_arm/install/magnetic_robot/share/magnetic_robot/meshes/link_2.STL
/home/legacy/magnetic_arm/install/magnetic_robot/share/magnetic_robot/meshes/link_6.STL
/home/legacy/magnetic_arm/install/magnetic_robot/share/magnetic_robot/meshes/link_5.STL
/home/legacy/magnetic_arm/install/magnetic_robot/share/magnetic_robot/meshes/link_1.STL
/home/legacy/magnetic_arm/install/magnetic_robot/share/magnetic_robot/meshes/link_4.STL
/home/legacy/magnetic_arm/install/magnetic_robot/share/magnetic_robot/meshes/base_link.STL
/home/legacy/magnetic_arm/install/magnetic_robot/share/magnetic_robot/config/trajectory_params.yaml
/home/legacy/magnetic_arm/install/magnetic_robot/share/magnetic_robot/config/effort_controller.yaml
/home/legacy/magnetic_arm/install/magnetic_robot/share/magnetic_robot/config/controller.yaml
/home/legacy/magnetic_arm/install/magnetic_robot/share/magnetic_robot/worlds/sim_world.world
/home/legacy/magnetic_arm/install/magnetic_robot/lib/python3.8/site-packages/magnetic_robot-0.0.0-py3.8.egg-info/PKG-INFO
/home/legacy/magnetic_arm/install/magnetic_robot/lib/python3.8/site-packages/magnetic_robot-0.0.0-py3.8.egg-info/top_level.txt
/home/legacy/magnetic_arm/install/magnetic_robot/lib/python3.8/site-packages/magnetic_robot-0.0.0-py3.8.egg-info/zip-safe
/home/legacy/magnetic_arm/install/magnetic_robot/lib/python3.8/site-packages/magnetic_robot-0.0.0-py3.8.egg-info/entry_points.txt
/home/legacy/magnetic_arm/install/magnetic_robot/lib/python3.8/site-packages/magnetic_robot-0.0.0-py3.8.egg-info/SOURCES.txt
/home/legacy/magnetic_arm/install/magnetic_robot/lib/python3.8/site-packages/magnetic_robot-0.0.0-py3.8.egg-info/dependency_links.txt
/home/legacy/magnetic_arm/install/magnetic_robot/lib/python3.8/site-packages/magnetic_robot-0.0.0-py3.8.egg-info/requires.txt
/home/legacy/magnetic_arm/install/magnetic_robot/lib/magnetic_robot/position_controller
