[0.917s] Invoking command in '/home/legacy/magnetic_arm/src/magnetic_robot': PYTHONPATH=/home/legacy/magnetic_arm/install/magnetic_robot/lib/python3.8/site-packages:${PYTHONPATH} /usr/bin/python3 setup.py egg_info --egg-base ../../build/magnetic_robot build --build-base /home/legacy/magnetic_arm/build/magnetic_robot/build install --prefix /home/legacy/magnetic_arm/install/magnetic_robot --record /home/legacy/magnetic_arm/build/magnetic_robot/install.log --single-version-externally-managed
[1.289s] running egg_info
[1.289s] creating ../../build/magnetic_robot/magnetic_robot.egg-info
[1.289s] writing ../../build/magnetic_robot/magnetic_robot.egg-info/PKG-INFO
[1.290s] writing dependency_links to ../../build/magnetic_robot/magnetic_robot.egg-info/dependency_links.txt
[1.290s] writing entry points to ../../build/magnetic_robot/magnetic_robot.egg-info/entry_points.txt
[1.290s] writing requirements to ../../build/magnetic_robot/magnetic_robot.egg-info/requires.txt
[1.290s] writing top-level names to ../../build/magnetic_robot/magnetic_robot.egg-info/top_level.txt
[1.291s] writing manifest file '../../build/magnetic_robot/magnetic_robot.egg-info/SOURCES.txt'
[1.323s] reading manifest file '../../build/magnetic_robot/magnetic_robot.egg-info/SOURCES.txt'
[1.323s] writing manifest file '../../build/magnetic_robot/magnetic_robot.egg-info/SOURCES.txt'
[1.324s] running build
[1.324s] running build_py
[1.324s] creating /home/legacy/magnetic_arm/build/magnetic_robot/build
[1.324s] creating /home/legacy/magnetic_arm/build/magnetic_robot/build/lib
[1.324s] creating /home/legacy/magnetic_arm/build/magnetic_robot/build/lib/magnetic_robot
[1.324s] copying magnetic_robot/__init__.py -> /home/legacy/magnetic_arm/build/magnetic_robot/build/lib/magnetic_robot
[1.324s] copying magnetic_robot/position_controller.py -> /home/legacy/magnetic_arm/build/magnetic_robot/build/lib/magnetic_robot
[1.324s] running install
[1.325s] running install_lib
[1.326s] creating /home/legacy/magnetic_arm/install/magnetic_robot/lib/python3.8/site-packages/magnetic_robot
[1.326s] copying /home/legacy/magnetic_arm/build/magnetic_robot/build/lib/magnetic_robot/__init__.py -> /home/legacy/magnetic_arm/install/magnetic_robot/lib/python3.8/site-packages/magnetic_robot
[1.326s] copying /home/legacy/magnetic_arm/build/magnetic_robot/build/lib/magnetic_robot/position_controller.py -> /home/legacy/magnetic_arm/install/magnetic_robot/lib/python3.8/site-packages/magnetic_robot
[1.326s] byte-compiling /home/legacy/magnetic_arm/install/magnetic_robot/lib/python3.8/site-packages/magnetic_robot/__init__.py to __init__.cpython-38.pyc
[1.327s] byte-compiling /home/legacy/magnetic_arm/install/magnetic_robot/lib/python3.8/site-packages/magnetic_robot/position_controller.py to position_controller.cpython-38.pyc
[1.328s] running install_data
[1.329s] creating /home/legacy/magnetic_arm/install/magnetic_robot/share/ament_index
[1.329s] creating /home/legacy/magnetic_arm/install/magnetic_robot/share/ament_index/resource_index
[1.329s] creating /home/legacy/magnetic_arm/install/magnetic_robot/share/ament_index/resource_index/packages
[1.329s] copying resource/magnetic_robot -> /home/legacy/magnetic_arm/install/magnetic_robot/share/ament_index/resource_index/packages
[1.329s] copying package.xml -> /home/legacy/magnetic_arm/install/magnetic_robot/share/magnetic_robot
[1.329s] creating /home/legacy/magnetic_arm/install/magnetic_robot/share/magnetic_robot/urdf
[1.329s] copying urdf/Magnetic_robot.urdf -> /home/legacy/magnetic_arm/install/magnetic_robot/share/magnetic_robot/urdf
[1.329s] copying urdf/Magnetic_robot.urdf.xacro -> /home/legacy/magnetic_arm/install/magnetic_robot/share/magnetic_robot/urdf
[1.330s] copying urdf/Magnetic_robot_effort.urdf -> /home/legacy/magnetic_arm/install/magnetic_robot/share/magnetic_robot/urdf
[1.330s] creating /home/legacy/magnetic_arm/install/magnetic_robot/share/magnetic_robot/launch
[1.330s] copying launch/effort_controller.launch.py -> /home/legacy/magnetic_arm/install/magnetic_robot/share/magnetic_robot/launch
[1.331s] copying launch/gazebo.launch.py -> /home/legacy/magnetic_arm/install/magnetic_robot/share/magnetic_robot/launch
[1.331s] copying launch/display.launch.py -> /home/legacy/magnetic_arm/install/magnetic_robot/share/magnetic_robot/launch
[1.331s] copying launch/move.launch.py -> /home/legacy/magnetic_arm/install/magnetic_robot/share/magnetic_robot/launch
[1.331s] copying launch/controller.launch.py -> /home/legacy/magnetic_arm/install/magnetic_robot/share/magnetic_robot/launch
[1.331s] creating /home/legacy/magnetic_arm/install/magnetic_robot/share/magnetic_robot/meshes
[1.331s] copying meshes/link_3.STL -> /home/legacy/magnetic_arm/install/magnetic_robot/share/magnetic_robot/meshes
[1.333s] copying meshes/link_2.STL -> /home/legacy/magnetic_arm/install/magnetic_robot/share/magnetic_robot/meshes
[1.335s] copying meshes/link_6.STL -> /home/legacy/magnetic_arm/install/magnetic_robot/share/magnetic_robot/meshes
[1.336s] copying meshes/link_5.STL -> /home/legacy/magnetic_arm/install/magnetic_robot/share/magnetic_robot/meshes
[1.337s] copying meshes/link_1.STL -> /home/legacy/magnetic_arm/install/magnetic_robot/share/magnetic_robot/meshes
[1.340s] copying meshes/link_4.STL -> /home/legacy/magnetic_arm/install/magnetic_robot/share/magnetic_robot/meshes
[1.340s] copying meshes/base_link.STL -> /home/legacy/magnetic_arm/install/magnetic_robot/share/magnetic_robot/meshes
[1.341s] creating /home/legacy/magnetic_arm/install/magnetic_robot/share/magnetic_robot/config
[1.341s] copying config/trajectory_params.yaml -> /home/legacy/magnetic_arm/install/magnetic_robot/share/magnetic_robot/config
[1.342s] copying config/effort_controller.yaml -> /home/legacy/magnetic_arm/install/magnetic_robot/share/magnetic_robot/config
[1.342s] copying config/controller.yaml -> /home/legacy/magnetic_arm/install/magnetic_robot/share/magnetic_robot/config
[1.342s] creating /home/legacy/magnetic_arm/install/magnetic_robot/share/magnetic_robot/worlds
[1.342s] copying worlds/sim_world.world -> /home/legacy/magnetic_arm/install/magnetic_robot/share/magnetic_robot/worlds
[1.342s] running install_egg_info
[1.344s] Copying ../../build/magnetic_robot/magnetic_robot.egg-info to /home/legacy/magnetic_arm/install/magnetic_robot/lib/python3.8/site-packages/magnetic_robot-0.0.0-py3.8.egg-info
[1.345s] running install_scripts
[1.360s] Installing position_controller script to /home/legacy/magnetic_arm/install/magnetic_robot/lib/magnetic_robot
[1.361s] writing list of installed files to '/home/legacy/magnetic_arm/build/magnetic_robot/install.log'
[1.379s] Invoked command in '/home/legacy/magnetic_arm/src/magnetic_robot' returned '0': PYTHONPATH=/home/legacy/magnetic_arm/install/magnetic_robot/lib/python3.8/site-packages:${PYTHONPATH} /usr/bin/python3 setup.py egg_info --egg-base ../../build/magnetic_robot build --build-base /home/legacy/magnetic_arm/build/magnetic_robot/build install --prefix /home/legacy/magnetic_arm/install/magnetic_robot --record /home/legacy/magnetic_arm/build/magnetic_robot/install.log --single-version-externally-managed
