[0.943s] Invoking command in '/home/legacy/magnetic_arm/src/magnetic_robot': PYTHONPATH=/home/legacy/magnetic_arm/install/magnetic_robot/lib/python3.8/site-packages:${PYTHONPATH} /usr/bin/python3 setup.py egg_info --egg-base ../../build/magnetic_robot build --build-base /home/legacy/magnetic_arm/build/magnetic_robot/build install --prefix /home/legacy/magnetic_arm/install/magnetic_robot --record /home/legacy/magnetic_arm/build/magnetic_robot/install.log --single-version-externally-managed
[1.399s] running egg_info
[1.400s] creating ../../build/magnetic_robot/magnetic_robot.egg-info
[1.400s] writing ../../build/magnetic_robot/magnetic_robot.egg-info/PKG-INFO
[1.401s] writing dependency_links to ../../build/magnetic_robot/magnetic_robot.egg-info/dependency_links.txt
[1.401s] writing entry points to ../../build/magnetic_robot/magnetic_robot.egg-info/entry_points.txt
[1.401s] writing requirements to ../../build/magnetic_robot/magnetic_robot.egg-info/requires.txt
[1.402s] writing top-level names to ../../build/magnetic_robot/magnetic_robot.egg-info/top_level.txt
[1.404s] writing manifest file '../../build/magnetic_robot/magnetic_robot.egg-info/SOURCES.txt'
[1.476s] reading manifest file '../../build/magnetic_robot/magnetic_robot.egg-info/SOURCES.txt'
[1.478s] writing manifest file '../../build/magnetic_robot/magnetic_robot.egg-info/SOURCES.txt'
[1.478s] running build
[1.478s] running build_py
[1.479s] creating /home/legacy/magnetic_arm/build/magnetic_robot/build
[1.479s] creating /home/legacy/magnetic_arm/build/magnetic_robot/build/lib
[1.479s] creating /home/legacy/magnetic_arm/build/magnetic_robot/build/lib/magnetic_robot
[1.479s] copying magnetic_robot/__init__.py -> /home/legacy/magnetic_arm/build/magnetic_robot/build/lib/magnetic_robot
[1.479s] copying magnetic_robot/position_controller.py -> /home/legacy/magnetic_arm/build/magnetic_robot/build/lib/magnetic_robot
[1.479s] running install
[1.481s] running install_lib
[1.483s] creating /home/legacy/magnetic_arm/install/magnetic_robot/lib/python3.8/site-packages/magnetic_robot
[1.483s] copying /home/legacy/magnetic_arm/build/magnetic_robot/build/lib/magnetic_robot/__init__.py -> /home/legacy/magnetic_arm/install/magnetic_robot/lib/python3.8/site-packages/magnetic_robot
[1.483s] copying /home/legacy/magnetic_arm/build/magnetic_robot/build/lib/magnetic_robot/position_controller.py -> /home/legacy/magnetic_arm/install/magnetic_robot/lib/python3.8/site-packages/magnetic_robot
[1.484s] byte-compiling /home/legacy/magnetic_arm/install/magnetic_robot/lib/python3.8/site-packages/magnetic_robot/__init__.py to __init__.cpython-38.pyc
[1.487s] byte-compiling /home/legacy/magnetic_arm/install/magnetic_robot/lib/python3.8/site-packages/magnetic_robot/position_controller.py to position_controller.cpython-38.pyc
[1.489s] running install_data
[1.490s] creating /home/legacy/magnetic_arm/install/magnetic_robot/share/ament_index
[1.490s] creating /home/legacy/magnetic_arm/install/magnetic_robot/share/ament_index/resource_index
[1.490s] creating /home/legacy/magnetic_arm/install/magnetic_robot/share/ament_index/resource_index/packages
[1.491s] copying resource/magnetic_robot -> /home/legacy/magnetic_arm/install/magnetic_robot/share/ament_index/resource_index/packages
[1.491s] copying package.xml -> /home/legacy/magnetic_arm/install/magnetic_robot/share/magnetic_robot
[1.491s] creating /home/legacy/magnetic_arm/install/magnetic_robot/share/magnetic_robot/urdf
[1.491s] copying urdf/Magnetic_robot.urdf -> /home/legacy/magnetic_arm/install/magnetic_robot/share/magnetic_robot/urdf
[1.492s] copying urdf/Magnetic_robot_DEPRECATED.urdf -> /home/legacy/magnetic_arm/install/magnetic_robot/share/magnetic_robot/urdf
[1.492s] creating /home/legacy/magnetic_arm/install/magnetic_robot/share/magnetic_robot/launch
[1.492s] copying launch/gazebo.launch.py -> /home/legacy/magnetic_arm/install/magnetic_robot/share/magnetic_robot/launch
[1.492s] copying launch/display.launch.py -> /home/legacy/magnetic_arm/install/magnetic_robot/share/magnetic_robot/launch
[1.492s] copying launch/controller.launch.py -> /home/legacy/magnetic_arm/install/magnetic_robot/share/magnetic_robot/launch
[1.492s] creating /home/legacy/magnetic_arm/install/magnetic_robot/share/magnetic_robot/meshes
[1.493s] copying meshes/link_3.STL -> /home/legacy/magnetic_arm/install/magnetic_robot/share/magnetic_robot/meshes
[1.494s] copying meshes/link_2.STL -> /home/legacy/magnetic_arm/install/magnetic_robot/share/magnetic_robot/meshes
[1.495s] copying meshes/link_6.STL -> /home/legacy/magnetic_arm/install/magnetic_robot/share/magnetic_robot/meshes
[1.496s] copying meshes/link_5.STL -> /home/legacy/magnetic_arm/install/magnetic_robot/share/magnetic_robot/meshes
[1.497s] copying meshes/link_1.STL -> /home/legacy/magnetic_arm/install/magnetic_robot/share/magnetic_robot/meshes
[1.499s] copying meshes/link_4.STL -> /home/legacy/magnetic_arm/install/magnetic_robot/share/magnetic_robot/meshes
[1.499s] copying meshes/base_link.STL -> /home/legacy/magnetic_arm/install/magnetic_robot/share/magnetic_robot/meshes
[1.500s] creating /home/legacy/magnetic_arm/install/magnetic_robot/share/magnetic_robot/config
[1.500s] copying config/controller.yaml -> /home/legacy/magnetic_arm/install/magnetic_robot/share/magnetic_robot/config
[1.500s] running install_egg_info
[1.502s] Copying ../../build/magnetic_robot/magnetic_robot.egg-info to /home/legacy/magnetic_arm/install/magnetic_robot/lib/python3.8/site-packages/magnetic_robot-0.0.0-py3.8.egg-info
[1.503s] running install_scripts
[1.533s] Installing position_controller script to /home/legacy/magnetic_arm/install/magnetic_robot/lib/magnetic_robot
[1.533s] writing list of installed files to '/home/legacy/magnetic_arm/build/magnetic_robot/install.log'
[1.573s] Invoked command in '/home/legacy/magnetic_arm/src/magnetic_robot' returned '0': PYTHONPATH=/home/legacy/magnetic_arm/install/magnetic_robot/lib/python3.8/site-packages:${PYTHONPATH} /usr/bin/python3 setup.py egg_info --egg-base ../../build/magnetic_robot build --build-base /home/legacy/magnetic_arm/build/magnetic_robot/build install --prefix /home/legacy/magnetic_arm/install/magnetic_robot --record /home/legacy/magnetic_arm/build/magnetic_robot/install.log --single-version-externally-managed
