[0.872s] DEBUG:colcon:Command line arguments: ['/usr/bin/colcon', 'build']
[0.872s] DEBUG:colcon:Parsed command line arguments: Namespace(allow_overriding=[], ament_cmake_args=None, base_paths=['.'], build_base='build', catkin_cmake_args=None, catkin_skip_building_tests=False, cmake_args=None, cmake_clean_cache=False, cmake_clean_first=False, cmake_force_configure=False, cmake_target=None, cmake_target_skip_unavailable=False, continue_on_error=False, event_handlers=None, executor='parallel', ignore_user_meta=False, install_base='install', log_base=None, log_level=None, main=<bound method BuildVerb.main of <colcon_core.verb.build.BuildVerb object at 0x7f3d32826f40>>, merge_install=False, metas=['./colcon.meta'], mixin=None, mixin_files=None, mixin_verb=('build',), packages_above=None, packages_above_and_dependencies=None, packages_above_depth=None, packages_end=None, packages_ignore=None, packages_ignore_regex=None, packages_select=None, packages_select_build_failed=False, packages_select_by_dep=None, packages_select_regex=None, packages_select_test_failures=False, packages_skip=None, packages_skip_build_finished=False, packages_skip_by_dep=None, packages_skip_regex=None, packages_skip_test_passed=False, packages_skip_up_to=None, packages_start=None, packages_up_to=None, packages_up_to_regex=None, parallel_workers=8, paths=None, symlink_install=False, test_result_base=None, verb_extension=<colcon_core.verb.build.BuildVerb object at 0x7f3d32826f40>, verb_name='build', verb_parser=<colcon_mixin.mixin.mixin_argument.MixinArgumentDecorator object at 0x7f3d32014940>)
[0.986s] Level 1:colcon.colcon_core.package_discovery:discover_packages(colcon_meta) check parameters
[0.986s] Level 1:colcon.colcon_core.package_discovery:discover_packages(recursive) check parameters
[0.986s] Level 1:colcon.colcon_core.package_discovery:discover_packages(ignore) check parameters
[0.986s] Level 1:colcon.colcon_core.package_discovery:discover_packages(path) check parameters
[0.986s] Level 1:colcon.colcon_core.package_discovery:discover_packages(colcon_meta) discover
[0.986s] Level 1:colcon.colcon_core.package_discovery:discover_packages(recursive) discover
[0.986s] INFO:colcon.colcon_core.package_discovery:Crawling recursively for packages in '/home/legacy/magnetic_arm'
[0.986s] Level 1:colcon.colcon_core.package_identification:_identify(.) by extensions ['ignore', 'ignore_ament_install']
[0.986s] Level 1:colcon.colcon_core.package_identification:_identify(.) by extension 'ignore'
[0.986s] Level 1:colcon.colcon_core.package_identification:_identify(.) by extension 'ignore_ament_install'
[0.986s] Level 1:colcon.colcon_core.package_identification:_identify(.) by extensions ['colcon_pkg']
[0.986s] Level 1:colcon.colcon_core.package_identification:_identify(.) by extension 'colcon_pkg'
[0.986s] Level 1:colcon.colcon_core.package_identification:_identify(.) by extensions ['colcon_meta']
[0.987s] Level 1:colcon.colcon_core.package_identification:_identify(.) by extension 'colcon_meta'
[0.987s] Level 1:colcon.colcon_core.package_identification:_identify(.) by extensions ['ros']
[0.987s] Level 1:colcon.colcon_core.package_identification:_identify(.) by extension 'ros'
[1.007s] Level 1:colcon.colcon_core.package_identification:_identify(.) by extensions ['cmake', 'python']
[1.007s] Level 1:colcon.colcon_core.package_identification:_identify(.) by extension 'cmake'
[1.007s] Level 1:colcon.colcon_core.package_identification:_identify(.) by extension 'python'
[1.007s] Level 1:colcon.colcon_core.package_identification:_identify(.) by extensions ['python_setup_py']
[1.007s] Level 1:colcon.colcon_core.package_identification:_identify(.) by extension 'python_setup_py'
[1.008s] Level 1:colcon.colcon_core.package_identification:_identify(build) by extensions ['ignore', 'ignore_ament_install']
[1.008s] Level 1:colcon.colcon_core.package_identification:_identify(build) by extension 'ignore'
[1.008s] Level 1:colcon.colcon_core.package_identification:_identify(build) ignored
[1.008s] Level 1:colcon.colcon_core.package_identification:_identify(install) by extensions ['ignore', 'ignore_ament_install']
[1.008s] Level 1:colcon.colcon_core.package_identification:_identify(install) by extension 'ignore'
[1.008s] Level 1:colcon.colcon_core.package_identification:_identify(install) ignored
[1.008s] Level 1:colcon.colcon_core.package_identification:_identify(log) by extensions ['ignore', 'ignore_ament_install']
[1.008s] Level 1:colcon.colcon_core.package_identification:_identify(log) by extension 'ignore'
[1.008s] Level 1:colcon.colcon_core.package_identification:_identify(log) ignored
[1.009s] Level 1:colcon.colcon_core.package_identification:_identify(slprj) by extensions ['ignore', 'ignore_ament_install']
[1.009s] Level 1:colcon.colcon_core.package_identification:_identify(slprj) by extension 'ignore'
[1.009s] Level 1:colcon.colcon_core.package_identification:_identify(slprj) by extension 'ignore_ament_install'
[1.009s] Level 1:colcon.colcon_core.package_identification:_identify(slprj) by extensions ['colcon_pkg']
[1.009s] Level 1:colcon.colcon_core.package_identification:_identify(slprj) by extension 'colcon_pkg'
[1.009s] Level 1:colcon.colcon_core.package_identification:_identify(slprj) by extensions ['colcon_meta']
[1.009s] Level 1:colcon.colcon_core.package_identification:_identify(slprj) by extension 'colcon_meta'
[1.009s] Level 1:colcon.colcon_core.package_identification:_identify(slprj) by extensions ['ros']
[1.009s] Level 1:colcon.colcon_core.package_identification:_identify(slprj) by extension 'ros'
[1.009s] Level 1:colcon.colcon_core.package_identification:_identify(slprj) by extensions ['cmake', 'python']
[1.009s] Level 1:colcon.colcon_core.package_identification:_identify(slprj) by extension 'cmake'
[1.009s] Level 1:colcon.colcon_core.package_identification:_identify(slprj) by extension 'python'
[1.009s] Level 1:colcon.colcon_core.package_identification:_identify(slprj) by extensions ['python_setup_py']
[1.009s] Level 1:colcon.colcon_core.package_identification:_identify(slprj) by extension 'python_setup_py'
[1.010s] Level 1:colcon.colcon_core.package_identification:_identify(slprj/sim) by extensions ['ignore', 'ignore_ament_install']
[1.010s] Level 1:colcon.colcon_core.package_identification:_identify(slprj/sim) by extension 'ignore'
[1.010s] Level 1:colcon.colcon_core.package_identification:_identify(slprj/sim) by extension 'ignore_ament_install'
[1.010s] Level 1:colcon.colcon_core.package_identification:_identify(slprj/sim) by extensions ['colcon_pkg']
[1.010s] Level 1:colcon.colcon_core.package_identification:_identify(slprj/sim) by extension 'colcon_pkg'
[1.010s] Level 1:colcon.colcon_core.package_identification:_identify(slprj/sim) by extensions ['colcon_meta']
[1.010s] Level 1:colcon.colcon_core.package_identification:_identify(slprj/sim) by extension 'colcon_meta'
[1.010s] Level 1:colcon.colcon_core.package_identification:_identify(slprj/sim) by extensions ['ros']
[1.010s] Level 1:colcon.colcon_core.package_identification:_identify(slprj/sim) by extension 'ros'
[1.010s] Level 1:colcon.colcon_core.package_identification:_identify(slprj/sim) by extensions ['cmake', 'python']
[1.010s] Level 1:colcon.colcon_core.package_identification:_identify(slprj/sim) by extension 'cmake'
[1.011s] Level 1:colcon.colcon_core.package_identification:_identify(slprj/sim) by extension 'python'
[1.011s] Level 1:colcon.colcon_core.package_identification:_identify(slprj/sim) by extensions ['python_setup_py']
[1.011s] Level 1:colcon.colcon_core.package_identification:_identify(slprj/sim) by extension 'python_setup_py'
[1.011s] Level 1:colcon.colcon_core.package_identification:_identify(slprj/sim/varcache) by extensions ['ignore', 'ignore_ament_install']
[1.011s] Level 1:colcon.colcon_core.package_identification:_identify(slprj/sim/varcache) by extension 'ignore'
[1.011s] Level 1:colcon.colcon_core.package_identification:_identify(slprj/sim/varcache) by extension 'ignore_ament_install'
[1.011s] Level 1:colcon.colcon_core.package_identification:_identify(slprj/sim/varcache) by extensions ['colcon_pkg']
[1.011s] Level 1:colcon.colcon_core.package_identification:_identify(slprj/sim/varcache) by extension 'colcon_pkg'
[1.011s] Level 1:colcon.colcon_core.package_identification:_identify(slprj/sim/varcache) by extensions ['colcon_meta']
[1.011s] Level 1:colcon.colcon_core.package_identification:_identify(slprj/sim/varcache) by extension 'colcon_meta'
[1.011s] Level 1:colcon.colcon_core.package_identification:_identify(slprj/sim/varcache) by extensions ['ros']
[1.011s] Level 1:colcon.colcon_core.package_identification:_identify(slprj/sim/varcache) by extension 'ros'
[1.011s] Level 1:colcon.colcon_core.package_identification:_identify(slprj/sim/varcache) by extensions ['cmake', 'python']
[1.012s] Level 1:colcon.colcon_core.package_identification:_identify(slprj/sim/varcache) by extension 'cmake'
[1.012s] Level 1:colcon.colcon_core.package_identification:_identify(slprj/sim/varcache) by extension 'python'
[1.012s] Level 1:colcon.colcon_core.package_identification:_identify(slprj/sim/varcache) by extensions ['python_setup_py']
[1.012s] Level 1:colcon.colcon_core.package_identification:_identify(slprj/sim/varcache) by extension 'python_setup_py'
[1.012s] Level 1:colcon.colcon_core.package_identification:_identify(slprj/sim/varcache/simulink_controller) by extensions ['ignore', 'ignore_ament_install']
[1.012s] Level 1:colcon.colcon_core.package_identification:_identify(slprj/sim/varcache/simulink_controller) by extension 'ignore'
[1.012s] Level 1:colcon.colcon_core.package_identification:_identify(slprj/sim/varcache/simulink_controller) by extension 'ignore_ament_install'
[1.012s] Level 1:colcon.colcon_core.package_identification:_identify(slprj/sim/varcache/simulink_controller) by extensions ['colcon_pkg']
[1.012s] Level 1:colcon.colcon_core.package_identification:_identify(slprj/sim/varcache/simulink_controller) by extension 'colcon_pkg'
[1.012s] Level 1:colcon.colcon_core.package_identification:_identify(slprj/sim/varcache/simulink_controller) by extensions ['colcon_meta']
[1.012s] Level 1:colcon.colcon_core.package_identification:_identify(slprj/sim/varcache/simulink_controller) by extension 'colcon_meta'
[1.012s] Level 1:colcon.colcon_core.package_identification:_identify(slprj/sim/varcache/simulink_controller) by extensions ['ros']
[1.012s] Level 1:colcon.colcon_core.package_identification:_identify(slprj/sim/varcache/simulink_controller) by extension 'ros'
[1.013s] Level 1:colcon.colcon_core.package_identification:_identify(slprj/sim/varcache/simulink_controller) by extensions ['cmake', 'python']
[1.013s] Level 1:colcon.colcon_core.package_identification:_identify(slprj/sim/varcache/simulink_controller) by extension 'cmake'
[1.013s] Level 1:colcon.colcon_core.package_identification:_identify(slprj/sim/varcache/simulink_controller) by extension 'python'
[1.013s] Level 1:colcon.colcon_core.package_identification:_identify(slprj/sim/varcache/simulink_controller) by extensions ['python_setup_py']
[1.013s] Level 1:colcon.colcon_core.package_identification:_identify(slprj/sim/varcache/simulink_controller) by extension 'python_setup_py'
[1.013s] Level 1:colcon.colcon_core.package_identification:_identify(slprj/sim/varcache/simulink_controller/tmwinternal) by extensions ['ignore', 'ignore_ament_install']
[1.013s] Level 1:colcon.colcon_core.package_identification:_identify(slprj/sim/varcache/simulink_controller/tmwinternal) by extension 'ignore'
[1.013s] Level 1:colcon.colcon_core.package_identification:_identify(slprj/sim/varcache/simulink_controller/tmwinternal) by extension 'ignore_ament_install'
[1.013s] Level 1:colcon.colcon_core.package_identification:_identify(slprj/sim/varcache/simulink_controller/tmwinternal) by extensions ['colcon_pkg']
[1.013s] Level 1:colcon.colcon_core.package_identification:_identify(slprj/sim/varcache/simulink_controller/tmwinternal) by extension 'colcon_pkg'
[1.013s] Level 1:colcon.colcon_core.package_identification:_identify(slprj/sim/varcache/simulink_controller/tmwinternal) by extensions ['colcon_meta']
[1.013s] Level 1:colcon.colcon_core.package_identification:_identify(slprj/sim/varcache/simulink_controller/tmwinternal) by extension 'colcon_meta'
[1.013s] Level 1:colcon.colcon_core.package_identification:_identify(slprj/sim/varcache/simulink_controller/tmwinternal) by extensions ['ros']
[1.013s] Level 1:colcon.colcon_core.package_identification:_identify(slprj/sim/varcache/simulink_controller/tmwinternal) by extension 'ros'
[1.014s] Level 1:colcon.colcon_core.package_identification:_identify(slprj/sim/varcache/simulink_controller/tmwinternal) by extensions ['cmake', 'python']
[1.014s] Level 1:colcon.colcon_core.package_identification:_identify(slprj/sim/varcache/simulink_controller/tmwinternal) by extension 'cmake'
[1.014s] Level 1:colcon.colcon_core.package_identification:_identify(slprj/sim/varcache/simulink_controller/tmwinternal) by extension 'python'
[1.014s] Level 1:colcon.colcon_core.package_identification:_identify(slprj/sim/varcache/simulink_controller/tmwinternal) by extensions ['python_setup_py']
[1.014s] Level 1:colcon.colcon_core.package_identification:_identify(slprj/sim/varcache/simulink_controller/tmwinternal) by extension 'python_setup_py'
[1.014s] Level 1:colcon.colcon_core.package_identification:_identify(src) by extensions ['ignore', 'ignore_ament_install']
[1.014s] Level 1:colcon.colcon_core.package_identification:_identify(src) by extension 'ignore'
[1.014s] Level 1:colcon.colcon_core.package_identification:_identify(src) by extension 'ignore_ament_install'
[1.014s] Level 1:colcon.colcon_core.package_identification:_identify(src) by extensions ['colcon_pkg']
[1.014s] Level 1:colcon.colcon_core.package_identification:_identify(src) by extension 'colcon_pkg'
[1.014s] Level 1:colcon.colcon_core.package_identification:_identify(src) by extensions ['colcon_meta']
[1.014s] Level 1:colcon.colcon_core.package_identification:_identify(src) by extension 'colcon_meta'
[1.014s] Level 1:colcon.colcon_core.package_identification:_identify(src) by extensions ['ros']
[1.014s] Level 1:colcon.colcon_core.package_identification:_identify(src) by extension 'ros'
[1.015s] Level 1:colcon.colcon_core.package_identification:_identify(src) by extensions ['cmake', 'python']
[1.015s] Level 1:colcon.colcon_core.package_identification:_identify(src) by extension 'cmake'
[1.015s] Level 1:colcon.colcon_core.package_identification:_identify(src) by extension 'python'
[1.015s] Level 1:colcon.colcon_core.package_identification:_identify(src) by extensions ['python_setup_py']
[1.015s] Level 1:colcon.colcon_core.package_identification:_identify(src) by extension 'python_setup_py'
[1.015s] Level 1:colcon.colcon_core.package_identification:_identify(src/magnetic_robot) by extensions ['ignore', 'ignore_ament_install']
[1.015s] Level 1:colcon.colcon_core.package_identification:_identify(src/magnetic_robot) by extension 'ignore'
[1.015s] Level 1:colcon.colcon_core.package_identification:_identify(src/magnetic_robot) by extension 'ignore_ament_install'
[1.015s] Level 1:colcon.colcon_core.package_identification:_identify(src/magnetic_robot) by extensions ['colcon_pkg']
[1.015s] Level 1:colcon.colcon_core.package_identification:_identify(src/magnetic_robot) by extension 'colcon_pkg'
[1.015s] Level 1:colcon.colcon_core.package_identification:_identify(src/magnetic_robot) by extensions ['colcon_meta']
[1.015s] Level 1:colcon.colcon_core.package_identification:_identify(src/magnetic_robot) by extension 'colcon_meta'
[1.015s] Level 1:colcon.colcon_core.package_identification:_identify(src/magnetic_robot) by extensions ['ros']
[1.015s] Level 1:colcon.colcon_core.package_identification:_identify(src/magnetic_robot) by extension 'ros'
[1.019s] DEBUG:colcon.colcon_core.package_identification:Package 'src/magnetic_robot' with type 'ros.ament_python' and name 'magnetic_robot'
[1.019s] Level 1:colcon.colcon_core.package_discovery:discover_packages(recursive) using defaults
[1.019s] Level 1:colcon.colcon_core.package_discovery:discover_packages(ignore) discover
[1.019s] Level 1:colcon.colcon_core.package_discovery:discover_packages(ignore) using defaults
[1.019s] Level 1:colcon.colcon_core.package_discovery:discover_packages(path) discover
[1.019s] Level 1:colcon.colcon_core.package_discovery:discover_packages(path) using defaults
[1.079s] Level 1:colcon.colcon_core.package_discovery:discover_packages(prefix_path) check parameters
[1.079s] Level 1:colcon.colcon_core.package_discovery:discover_packages(prefix_path) discover
[1.091s] DEBUG:colcon.colcon_installed_package_information.package_discovery:Found 333 installed packages in /opt/ros/foxy
[1.093s] Level 1:colcon.colcon_core.package_discovery:discover_packages(prefix_path) using defaults
[1.249s] Level 5:colcon.colcon_core.verb:set package 'magnetic_robot' build argument 'cmake_args' from command line to 'None'
[1.249s] Level 5:colcon.colcon_core.verb:set package 'magnetic_robot' build argument 'cmake_target' from command line to 'None'
[1.249s] Level 5:colcon.colcon_core.verb:set package 'magnetic_robot' build argument 'cmake_target_skip_unavailable' from command line to 'False'
[1.249s] Level 5:colcon.colcon_core.verb:set package 'magnetic_robot' build argument 'cmake_clean_cache' from command line to 'False'
[1.249s] Level 5:colcon.colcon_core.verb:set package 'magnetic_robot' build argument 'cmake_clean_first' from command line to 'False'
[1.249s] Level 5:colcon.colcon_core.verb:set package 'magnetic_robot' build argument 'cmake_force_configure' from command line to 'False'
[1.249s] Level 5:colcon.colcon_core.verb:set package 'magnetic_robot' build argument 'ament_cmake_args' from command line to 'None'
[1.249s] Level 5:colcon.colcon_core.verb:set package 'magnetic_robot' build argument 'catkin_cmake_args' from command line to 'None'
[1.249s] Level 5:colcon.colcon_core.verb:set package 'magnetic_robot' build argument 'catkin_skip_building_tests' from command line to 'False'
[1.249s] DEBUG:colcon.colcon_core.verb:Building package 'magnetic_robot' with the following arguments: {'ament_cmake_args': None, 'build_base': '/home/legacy/magnetic_arm/build/magnetic_robot', 'catkin_cmake_args': None, 'catkin_skip_building_tests': False, 'cmake_args': None, 'cmake_clean_cache': False, 'cmake_clean_first': False, 'cmake_force_configure': False, 'cmake_target': None, 'cmake_target_skip_unavailable': False, 'install_base': '/home/legacy/magnetic_arm/install/magnetic_robot', 'merge_install': False, 'path': '/home/legacy/magnetic_arm/src/magnetic_robot', 'symlink_install': False, 'test_result_base': None}
[1.250s] INFO:colcon.colcon_core.executor:Executing jobs using 'parallel' executor
[1.259s] DEBUG:colcon.colcon_parallel_executor.executor.parallel:run_until_complete
[1.259s] INFO:colcon.colcon_ros.task.ament_python.build:Building ROS package in '/home/legacy/magnetic_arm/src/magnetic_robot' with build type 'ament_python'
[1.259s] Level 1:colcon.colcon_core.shell:create_environment_hook('magnetic_robot', 'ament_prefix_path')
[1.268s] INFO:colcon.colcon_core.plugin_system:Skipping extension 'colcon_core.shell.bat': Not used on non-Windows systems
[1.268s] INFO:colcon.colcon_core.shell:Creating environment hook '/home/legacy/magnetic_arm/install/magnetic_robot/share/magnetic_robot/hook/ament_prefix_path.ps1'
[1.270s] INFO:colcon.colcon_core.shell:Creating environment descriptor '/home/legacy/magnetic_arm/install/magnetic_robot/share/magnetic_robot/hook/ament_prefix_path.dsv'
[1.272s] INFO:colcon.colcon_core.shell:Creating environment hook '/home/legacy/magnetic_arm/install/magnetic_robot/share/magnetic_robot/hook/ament_prefix_path.sh'
[1.275s] INFO:colcon.colcon_core.shell:Skip shell extension 'powershell' for command environment: Not usable outside of PowerShell
[1.276s] DEBUG:colcon.colcon_core.shell:Skip shell extension 'dsv' for command environment
[2.158s] INFO:colcon.colcon_core.task.python.build:Building Python package in '/home/legacy/magnetic_arm/src/magnetic_robot'
[2.161s] INFO:colcon.colcon_core.shell:Skip shell extension 'powershell' for command environment: Not usable outside of PowerShell
[2.161s] DEBUG:colcon.colcon_core.shell:Skip shell extension 'dsv' for command environment
[3.443s] DEBUG:colcon.colcon_core.event_handler.log_command:Invoking command in '/home/legacy/magnetic_arm/src/magnetic_robot': PYTHONPATH=/home/legacy/magnetic_arm/install/magnetic_robot/lib/python3.8/site-packages:${PYTHONPATH} /usr/bin/python3 setup.py egg_info --egg-base ../../build/magnetic_robot build --build-base /home/legacy/magnetic_arm/build/magnetic_robot/build install --prefix /home/legacy/magnetic_arm/install/magnetic_robot --record /home/legacy/magnetic_arm/build/magnetic_robot/install.log --single-version-externally-managed
[5.361s] DEBUG:colcon.colcon_core.event_handler.log_command:Invoked command in '/home/legacy/magnetic_arm/src/magnetic_robot' returned '0': PYTHONPATH=/home/legacy/magnetic_arm/install/magnetic_robot/lib/python3.8/site-packages:${PYTHONPATH} /usr/bin/python3 setup.py egg_info --egg-base ../../build/magnetic_robot build --build-base /home/legacy/magnetic_arm/build/magnetic_robot/build install --prefix /home/legacy/magnetic_arm/install/magnetic_robot --record /home/legacy/magnetic_arm/build/magnetic_robot/install.log --single-version-externally-managed
[5.370s] Level 1:colcon.colcon_core.environment:checking '/home/legacy/magnetic_arm/install/magnetic_robot' for CMake module files
[5.371s] Level 1:colcon.colcon_core.environment:checking '/home/legacy/magnetic_arm/install/magnetic_robot' for CMake config files
[5.373s] Level 1:colcon.colcon_core.environment:checking '/home/legacy/magnetic_arm/install/magnetic_robot/lib'
[5.373s] Level 1:colcon.colcon_core.environment:checking '/home/legacy/magnetic_arm/install/magnetic_robot/bin'
[5.373s] Level 1:colcon.colcon_core.environment:checking '/home/legacy/magnetic_arm/install/magnetic_robot/lib/pkgconfig/magnetic_robot.pc'
[5.373s] Level 1:colcon.colcon_core.environment:checking '/home/legacy/magnetic_arm/install/magnetic_robot/lib/python3.8/site-packages'
[5.373s] Level 1:colcon.colcon_core.shell:create_environment_hook('magnetic_robot', 'pythonpath')
[5.376s] INFO:colcon.colcon_core.shell:Creating environment hook '/home/legacy/magnetic_arm/install/magnetic_robot/share/magnetic_robot/hook/pythonpath.ps1'
[5.376s] INFO:colcon.colcon_core.shell:Creating environment descriptor '/home/legacy/magnetic_arm/install/magnetic_robot/share/magnetic_robot/hook/pythonpath.dsv'
[5.377s] INFO:colcon.colcon_core.shell:Creating environment hook '/home/legacy/magnetic_arm/install/magnetic_robot/share/magnetic_robot/hook/pythonpath.sh'
[5.377s] Level 1:colcon.colcon_core.environment:checking '/home/legacy/magnetic_arm/install/magnetic_robot/bin'
[5.377s] Level 1:colcon.colcon_core.environment:create_environment_scripts_only(magnetic_robot)
[5.380s] INFO:colcon.colcon_core.shell:Creating package script '/home/legacy/magnetic_arm/install/magnetic_robot/share/magnetic_robot/package.ps1'
[5.381s] INFO:colcon.colcon_core.shell:Creating package descriptor '/home/legacy/magnetic_arm/install/magnetic_robot/share/magnetic_robot/package.dsv'
[5.382s] INFO:colcon.colcon_core.shell:Creating package script '/home/legacy/magnetic_arm/install/magnetic_robot/share/magnetic_robot/package.sh'
[5.382s] INFO:colcon.colcon_core.shell:Creating package script '/home/legacy/magnetic_arm/install/magnetic_robot/share/magnetic_robot/package.bash'
[5.383s] INFO:colcon.colcon_core.shell:Creating package script '/home/legacy/magnetic_arm/install/magnetic_robot/share/magnetic_robot/package.zsh'
[5.384s] Level 1:colcon.colcon_core.environment:create_file_with_runtime_dependencies(/home/legacy/magnetic_arm/install/magnetic_robot/share/colcon-core/packages/magnetic_robot)
[5.384s] DEBUG:colcon.colcon_parallel_executor.executor.parallel:closing loop
[5.385s] DEBUG:colcon.colcon_parallel_executor.executor.parallel:loop closed
[5.385s] DEBUG:colcon.colcon_parallel_executor.executor.parallel:run_until_complete finished with '0'
[5.385s] DEBUG:colcon.colcon_core.event_reactor:joining thread
[5.400s] INFO:colcon.colcon_core.plugin_system:Skipping extension 'colcon_notification.desktop_notification.terminal_notifier': Not used on non-Darwin systems
[5.401s] INFO:colcon.colcon_core.plugin_system:Skipping extension 'colcon_notification.desktop_notification.win32': Not used on non-Windows systems
[5.401s] INFO:colcon.colcon_notification.desktop_notification:Sending desktop notification using 'notify2'
[5.424s] DEBUG:colcon.colcon_core.event_reactor:joined thread
[5.427s] INFO:colcon.colcon_core.shell:Creating prefix script '/home/legacy/magnetic_arm/install/local_setup.ps1'
[5.429s] INFO:colcon.colcon_core.shell:Creating prefix util module '/home/legacy/magnetic_arm/install/_local_setup_util_ps1.py'
[5.430s] INFO:colcon.colcon_core.shell:Creating prefix chain script '/home/legacy/magnetic_arm/install/setup.ps1'
[5.432s] INFO:colcon.colcon_core.shell:Creating prefix script '/home/legacy/magnetic_arm/install/local_setup.sh'
[5.432s] INFO:colcon.colcon_core.shell:Creating prefix util module '/home/legacy/magnetic_arm/install/_local_setup_util_sh.py'
[5.433s] INFO:colcon.colcon_core.shell:Creating prefix chain script '/home/legacy/magnetic_arm/install/setup.sh'
[5.434s] INFO:colcon.colcon_core.shell:Creating prefix script '/home/legacy/magnetic_arm/install/local_setup.bash'
[5.435s] INFO:colcon.colcon_core.shell:Creating prefix chain script '/home/legacy/magnetic_arm/install/setup.bash'
[5.437s] INFO:colcon.colcon_core.shell:Creating prefix script '/home/legacy/magnetic_arm/install/local_setup.zsh'
[5.437s] INFO:colcon.colcon_core.shell:Creating prefix chain script '/home/legacy/magnetic_arm/install/setup.zsh'
