[0.652s] DEBUG:colcon:Command line arguments: ['/usr/bin/colcon', 'build']
[0.652s] DEBUG:colcon:Parsed command line arguments: Namespace(allow_overriding=[], ament_cmake_args=None, base_paths=['.'], build_base='build', catkin_cmake_args=None, catkin_skip_building_tests=False, cmake_args=None, cmake_clean_cache=False, cmake_clean_first=False, cmake_force_configure=False, cmake_target=None, cmake_target_skip_unavailable=False, continue_on_error=False, event_handlers=None, executor='parallel', ignore_user_meta=False, install_base='install', log_base=None, log_level=None, main=<bound method BuildVerb.main of <colcon_core.verb.build.BuildVerb object at 0x7fdaeca95c10>>, merge_install=False, metas=['./colcon.meta'], mixin=None, mixin_files=None, mixin_verb=('build',), packages_above=None, packages_above_and_dependencies=None, packages_above_depth=None, packages_end=None, packages_ignore=None, packages_ignore_regex=None, packages_select=None, packages_select_build_failed=False, packages_select_by_dep=None, packages_select_regex=None, packages_select_test_failures=False, packages_skip=None, packages_skip_build_finished=False, packages_skip_by_dep=None, packages_skip_regex=None, packages_skip_test_passed=False, packages_skip_up_to=None, packages_start=None, packages_up_to=None, packages_up_to_regex=None, parallel_workers=8, paths=None, symlink_install=False, test_result_base=None, verb_extension=<colcon_core.verb.build.BuildVerb object at 0x7fdaeca95c10>, verb_name='build', verb_parser=<colcon_mixin.mixin.mixin_argument.MixinArgumentDecorator object at 0x7fdaec93ac10>)
[0.783s] Level 1:colcon.colcon_core.package_discovery:discover_packages(colcon_meta) check parameters
[0.783s] Level 1:colcon.colcon_core.package_discovery:discover_packages(recursive) check parameters
[0.783s] Level 1:colcon.colcon_core.package_discovery:discover_packages(ignore) check parameters
[0.783s] Level 1:colcon.colcon_core.package_discovery:discover_packages(path) check parameters
[0.783s] Level 1:colcon.colcon_core.package_discovery:discover_packages(colcon_meta) discover
[0.783s] Level 1:colcon.colcon_core.package_discovery:discover_packages(recursive) discover
[0.783s] INFO:colcon.colcon_core.package_discovery:Crawling recursively for packages in '/home/legacy/magnetic_arm'
[0.783s] Level 1:colcon.colcon_core.package_identification:_identify(.) by extensions ['ignore', 'ignore_ament_install']
[0.783s] Level 1:colcon.colcon_core.package_identification:_identify(.) by extension 'ignore'
[0.784s] Level 1:colcon.colcon_core.package_identification:_identify(.) by extension 'ignore_ament_install'
[0.784s] Level 1:colcon.colcon_core.package_identification:_identify(.) by extensions ['colcon_pkg']
[0.784s] Level 1:colcon.colcon_core.package_identification:_identify(.) by extension 'colcon_pkg'
[0.784s] Level 1:colcon.colcon_core.package_identification:_identify(.) by extensions ['colcon_meta']
[0.784s] Level 1:colcon.colcon_core.package_identification:_identify(.) by extension 'colcon_meta'
[0.784s] Level 1:colcon.colcon_core.package_identification:_identify(.) by extensions ['ros']
[0.784s] Level 1:colcon.colcon_core.package_identification:_identify(.) by extension 'ros'
[0.811s] Level 1:colcon.colcon_core.package_identification:_identify(.) by extensions ['cmake', 'python']
[0.811s] Level 1:colcon.colcon_core.package_identification:_identify(.) by extension 'cmake'
[0.811s] Level 1:colcon.colcon_core.package_identification:_identify(.) by extension 'python'
[0.811s] Level 1:colcon.colcon_core.package_identification:_identify(.) by extensions ['python_setup_py']
[0.811s] Level 1:colcon.colcon_core.package_identification:_identify(.) by extension 'python_setup_py'
[0.811s] Level 1:colcon.colcon_core.package_identification:_identify(build) by extensions ['ignore', 'ignore_ament_install']
[0.811s] Level 1:colcon.colcon_core.package_identification:_identify(build) by extension 'ignore'
[0.811s] Level 1:colcon.colcon_core.package_identification:_identify(build) ignored
[0.811s] Level 1:colcon.colcon_core.package_identification:_identify(install) by extensions ['ignore', 'ignore_ament_install']
[0.811s] Level 1:colcon.colcon_core.package_identification:_identify(install) by extension 'ignore'
[0.812s] Level 1:colcon.colcon_core.package_identification:_identify(install) ignored
[0.812s] Level 1:colcon.colcon_core.package_identification:_identify(log) by extensions ['ignore', 'ignore_ament_install']
[0.812s] Level 1:colcon.colcon_core.package_identification:_identify(log) by extension 'ignore'
[0.812s] Level 1:colcon.colcon_core.package_identification:_identify(log) ignored
[0.812s] Level 1:colcon.colcon_core.package_identification:_identify(slprj) by extensions ['ignore', 'ignore_ament_install']
[0.812s] Level 1:colcon.colcon_core.package_identification:_identify(slprj) by extension 'ignore'
[0.812s] Level 1:colcon.colcon_core.package_identification:_identify(slprj) by extension 'ignore_ament_install'
[0.812s] Level 1:colcon.colcon_core.package_identification:_identify(slprj) by extensions ['colcon_pkg']
[0.812s] Level 1:colcon.colcon_core.package_identification:_identify(slprj) by extension 'colcon_pkg'
[0.812s] Level 1:colcon.colcon_core.package_identification:_identify(slprj) by extensions ['colcon_meta']
[0.812s] Level 1:colcon.colcon_core.package_identification:_identify(slprj) by extension 'colcon_meta'
[0.812s] Level 1:colcon.colcon_core.package_identification:_identify(slprj) by extensions ['ros']
[0.813s] Level 1:colcon.colcon_core.package_identification:_identify(slprj) by extension 'ros'
[0.813s] Level 1:colcon.colcon_core.package_identification:_identify(slprj) by extensions ['cmake', 'python']
[0.813s] Level 1:colcon.colcon_core.package_identification:_identify(slprj) by extension 'cmake'
[0.813s] Level 1:colcon.colcon_core.package_identification:_identify(slprj) by extension 'python'
[0.813s] Level 1:colcon.colcon_core.package_identification:_identify(slprj) by extensions ['python_setup_py']
[0.813s] Level 1:colcon.colcon_core.package_identification:_identify(slprj) by extension 'python_setup_py'
[0.813s] Level 1:colcon.colcon_core.package_identification:_identify(slprj/sim) by extensions ['ignore', 'ignore_ament_install']
[0.813s] Level 1:colcon.colcon_core.package_identification:_identify(slprj/sim) by extension 'ignore'
[0.813s] Level 1:colcon.colcon_core.package_identification:_identify(slprj/sim) by extension 'ignore_ament_install'
[0.813s] Level 1:colcon.colcon_core.package_identification:_identify(slprj/sim) by extensions ['colcon_pkg']
[0.813s] Level 1:colcon.colcon_core.package_identification:_identify(slprj/sim) by extension 'colcon_pkg'
[0.813s] Level 1:colcon.colcon_core.package_identification:_identify(slprj/sim) by extensions ['colcon_meta']
[0.813s] Level 1:colcon.colcon_core.package_identification:_identify(slprj/sim) by extension 'colcon_meta'
[0.813s] Level 1:colcon.colcon_core.package_identification:_identify(slprj/sim) by extensions ['ros']
[0.814s] Level 1:colcon.colcon_core.package_identification:_identify(slprj/sim) by extension 'ros'
[0.814s] Level 1:colcon.colcon_core.package_identification:_identify(slprj/sim) by extensions ['cmake', 'python']
[0.814s] Level 1:colcon.colcon_core.package_identification:_identify(slprj/sim) by extension 'cmake'
[0.814s] Level 1:colcon.colcon_core.package_identification:_identify(slprj/sim) by extension 'python'
[0.814s] Level 1:colcon.colcon_core.package_identification:_identify(slprj/sim) by extensions ['python_setup_py']
[0.814s] Level 1:colcon.colcon_core.package_identification:_identify(slprj/sim) by extension 'python_setup_py'
[0.814s] Level 1:colcon.colcon_core.package_identification:_identify(slprj/sim/varcache) by extensions ['ignore', 'ignore_ament_install']
[0.814s] Level 1:colcon.colcon_core.package_identification:_identify(slprj/sim/varcache) by extension 'ignore'
[0.814s] Level 1:colcon.colcon_core.package_identification:_identify(slprj/sim/varcache) by extension 'ignore_ament_install'
[0.814s] Level 1:colcon.colcon_core.package_identification:_identify(slprj/sim/varcache) by extensions ['colcon_pkg']
[0.814s] Level 1:colcon.colcon_core.package_identification:_identify(slprj/sim/varcache) by extension 'colcon_pkg'
[0.814s] Level 1:colcon.colcon_core.package_identification:_identify(slprj/sim/varcache) by extensions ['colcon_meta']
[0.814s] Level 1:colcon.colcon_core.package_identification:_identify(slprj/sim/varcache) by extension 'colcon_meta'
[0.814s] Level 1:colcon.colcon_core.package_identification:_identify(slprj/sim/varcache) by extensions ['ros']
[0.815s] Level 1:colcon.colcon_core.package_identification:_identify(slprj/sim/varcache) by extension 'ros'
[0.815s] Level 1:colcon.colcon_core.package_identification:_identify(slprj/sim/varcache) by extensions ['cmake', 'python']
[0.815s] Level 1:colcon.colcon_core.package_identification:_identify(slprj/sim/varcache) by extension 'cmake'
[0.815s] Level 1:colcon.colcon_core.package_identification:_identify(slprj/sim/varcache) by extension 'python'
[0.815s] Level 1:colcon.colcon_core.package_identification:_identify(slprj/sim/varcache) by extensions ['python_setup_py']
[0.815s] Level 1:colcon.colcon_core.package_identification:_identify(slprj/sim/varcache) by extension 'python_setup_py'
[0.815s] Level 1:colcon.colcon_core.package_identification:_identify(slprj/sim/varcache/simulink_controller) by extensions ['ignore', 'ignore_ament_install']
[0.815s] Level 1:colcon.colcon_core.package_identification:_identify(slprj/sim/varcache/simulink_controller) by extension 'ignore'
[0.815s] Level 1:colcon.colcon_core.package_identification:_identify(slprj/sim/varcache/simulink_controller) by extension 'ignore_ament_install'
[0.815s] Level 1:colcon.colcon_core.package_identification:_identify(slprj/sim/varcache/simulink_controller) by extensions ['colcon_pkg']
[0.815s] Level 1:colcon.colcon_core.package_identification:_identify(slprj/sim/varcache/simulink_controller) by extension 'colcon_pkg'
[0.815s] Level 1:colcon.colcon_core.package_identification:_identify(slprj/sim/varcache/simulink_controller) by extensions ['colcon_meta']
[0.815s] Level 1:colcon.colcon_core.package_identification:_identify(slprj/sim/varcache/simulink_controller) by extension 'colcon_meta'
[0.815s] Level 1:colcon.colcon_core.package_identification:_identify(slprj/sim/varcache/simulink_controller) by extensions ['ros']
[0.816s] Level 1:colcon.colcon_core.package_identification:_identify(slprj/sim/varcache/simulink_controller) by extension 'ros'
[0.816s] Level 1:colcon.colcon_core.package_identification:_identify(slprj/sim/varcache/simulink_controller) by extensions ['cmake', 'python']
[0.816s] Level 1:colcon.colcon_core.package_identification:_identify(slprj/sim/varcache/simulink_controller) by extension 'cmake'
[0.816s] Level 1:colcon.colcon_core.package_identification:_identify(slprj/sim/varcache/simulink_controller) by extension 'python'
[0.816s] Level 1:colcon.colcon_core.package_identification:_identify(slprj/sim/varcache/simulink_controller) by extensions ['python_setup_py']
[0.816s] Level 1:colcon.colcon_core.package_identification:_identify(slprj/sim/varcache/simulink_controller) by extension 'python_setup_py'
[0.816s] Level 1:colcon.colcon_core.package_identification:_identify(slprj/sim/varcache/simulink_controller/tmwinternal) by extensions ['ignore', 'ignore_ament_install']
[0.816s] Level 1:colcon.colcon_core.package_identification:_identify(slprj/sim/varcache/simulink_controller/tmwinternal) by extension 'ignore'
[0.816s] Level 1:colcon.colcon_core.package_identification:_identify(slprj/sim/varcache/simulink_controller/tmwinternal) by extension 'ignore_ament_install'
[0.816s] Level 1:colcon.colcon_core.package_identification:_identify(slprj/sim/varcache/simulink_controller/tmwinternal) by extensions ['colcon_pkg']
[0.816s] Level 1:colcon.colcon_core.package_identification:_identify(slprj/sim/varcache/simulink_controller/tmwinternal) by extension 'colcon_pkg'
[0.816s] Level 1:colcon.colcon_core.package_identification:_identify(slprj/sim/varcache/simulink_controller/tmwinternal) by extensions ['colcon_meta']
[0.816s] Level 1:colcon.colcon_core.package_identification:_identify(slprj/sim/varcache/simulink_controller/tmwinternal) by extension 'colcon_meta'
[0.817s] Level 1:colcon.colcon_core.package_identification:_identify(slprj/sim/varcache/simulink_controller/tmwinternal) by extensions ['ros']
[0.817s] Level 1:colcon.colcon_core.package_identification:_identify(slprj/sim/varcache/simulink_controller/tmwinternal) by extension 'ros'
[0.817s] Level 1:colcon.colcon_core.package_identification:_identify(slprj/sim/varcache/simulink_controller/tmwinternal) by extensions ['cmake', 'python']
[0.817s] Level 1:colcon.colcon_core.package_identification:_identify(slprj/sim/varcache/simulink_controller/tmwinternal) by extension 'cmake'
[0.817s] Level 1:colcon.colcon_core.package_identification:_identify(slprj/sim/varcache/simulink_controller/tmwinternal) by extension 'python'
[0.817s] Level 1:colcon.colcon_core.package_identification:_identify(slprj/sim/varcache/simulink_controller/tmwinternal) by extensions ['python_setup_py']
[0.817s] Level 1:colcon.colcon_core.package_identification:_identify(slprj/sim/varcache/simulink_controller/tmwinternal) by extension 'python_setup_py'
[0.817s] Level 1:colcon.colcon_core.package_identification:_identify(src) by extensions ['ignore', 'ignore_ament_install']
[0.817s] Level 1:colcon.colcon_core.package_identification:_identify(src) by extension 'ignore'
[0.817s] Level 1:colcon.colcon_core.package_identification:_identify(src) by extension 'ignore_ament_install'
[0.817s] Level 1:colcon.colcon_core.package_identification:_identify(src) by extensions ['colcon_pkg']
[0.817s] Level 1:colcon.colcon_core.package_identification:_identify(src) by extension 'colcon_pkg'
[0.817s] Level 1:colcon.colcon_core.package_identification:_identify(src) by extensions ['colcon_meta']
[0.818s] Level 1:colcon.colcon_core.package_identification:_identify(src) by extension 'colcon_meta'
[0.818s] Level 1:colcon.colcon_core.package_identification:_identify(src) by extensions ['ros']
[0.818s] Level 1:colcon.colcon_core.package_identification:_identify(src) by extension 'ros'
[0.818s] Level 1:colcon.colcon_core.package_identification:_identify(src) by extensions ['cmake', 'python']
[0.818s] Level 1:colcon.colcon_core.package_identification:_identify(src) by extension 'cmake'
[0.818s] Level 1:colcon.colcon_core.package_identification:_identify(src) by extension 'python'
[0.818s] Level 1:colcon.colcon_core.package_identification:_identify(src) by extensions ['python_setup_py']
[0.818s] Level 1:colcon.colcon_core.package_identification:_identify(src) by extension 'python_setup_py'
[0.818s] Level 1:colcon.colcon_core.package_identification:_identify(src/magnetic_robot) by extensions ['ignore', 'ignore_ament_install']
[0.818s] Level 1:colcon.colcon_core.package_identification:_identify(src/magnetic_robot) by extension 'ignore'
[0.818s] Level 1:colcon.colcon_core.package_identification:_identify(src/magnetic_robot) by extension 'ignore_ament_install'
[0.818s] Level 1:colcon.colcon_core.package_identification:_identify(src/magnetic_robot) by extensions ['colcon_pkg']
[0.818s] Level 1:colcon.colcon_core.package_identification:_identify(src/magnetic_robot) by extension 'colcon_pkg'
[0.819s] Level 1:colcon.colcon_core.package_identification:_identify(src/magnetic_robot) by extensions ['colcon_meta']
[0.819s] Level 1:colcon.colcon_core.package_identification:_identify(src/magnetic_robot) by extension 'colcon_meta'
[0.819s] Level 1:colcon.colcon_core.package_identification:_identify(src/magnetic_robot) by extensions ['ros']
[0.819s] Level 1:colcon.colcon_core.package_identification:_identify(src/magnetic_robot) by extension 'ros'
[0.822s] DEBUG:colcon.colcon_core.package_identification:Package 'src/magnetic_robot' with type 'ros.ament_python' and name 'magnetic_robot'
[0.822s] Level 1:colcon.colcon_core.package_discovery:discover_packages(recursive) using defaults
[0.822s] Level 1:colcon.colcon_core.package_discovery:discover_packages(ignore) discover
[0.822s] Level 1:colcon.colcon_core.package_discovery:discover_packages(ignore) using defaults
[0.823s] Level 1:colcon.colcon_core.package_discovery:discover_packages(path) discover
[0.823s] Level 1:colcon.colcon_core.package_discovery:discover_packages(path) using defaults
[0.863s] Level 1:colcon.colcon_core.package_discovery:discover_packages(prefix_path) check parameters
[0.864s] Level 1:colcon.colcon_core.package_discovery:discover_packages(prefix_path) discover
[0.870s] DEBUG:colcon.colcon_installed_package_information.package_discovery:Found 333 installed packages in /opt/ros/foxy
[0.872s] Level 1:colcon.colcon_core.package_discovery:discover_packages(prefix_path) using defaults
[1.056s] Level 5:colcon.colcon_core.verb:set package 'magnetic_robot' build argument 'cmake_args' from command line to 'None'
[1.056s] Level 5:colcon.colcon_core.verb:set package 'magnetic_robot' build argument 'cmake_target' from command line to 'None'
[1.056s] Level 5:colcon.colcon_core.verb:set package 'magnetic_robot' build argument 'cmake_target_skip_unavailable' from command line to 'False'
[1.056s] Level 5:colcon.colcon_core.verb:set package 'magnetic_robot' build argument 'cmake_clean_cache' from command line to 'False'
[1.056s] Level 5:colcon.colcon_core.verb:set package 'magnetic_robot' build argument 'cmake_clean_first' from command line to 'False'
[1.057s] Level 5:colcon.colcon_core.verb:set package 'magnetic_robot' build argument 'cmake_force_configure' from command line to 'False'
[1.057s] Level 5:colcon.colcon_core.verb:set package 'magnetic_robot' build argument 'ament_cmake_args' from command line to 'None'
[1.057s] Level 5:colcon.colcon_core.verb:set package 'magnetic_robot' build argument 'catkin_cmake_args' from command line to 'None'
[1.057s] Level 5:colcon.colcon_core.verb:set package 'magnetic_robot' build argument 'catkin_skip_building_tests' from command line to 'False'
[1.057s] DEBUG:colcon.colcon_core.verb:Building package 'magnetic_robot' with the following arguments: {'ament_cmake_args': None, 'build_base': '/home/legacy/magnetic_arm/build/magnetic_robot', 'catkin_cmake_args': None, 'catkin_skip_building_tests': False, 'cmake_args': None, 'cmake_clean_cache': False, 'cmake_clean_first': False, 'cmake_force_configure': False, 'cmake_target': None, 'cmake_target_skip_unavailable': False, 'install_base': '/home/legacy/magnetic_arm/install/magnetic_robot', 'merge_install': False, 'path': '/home/legacy/magnetic_arm/src/magnetic_robot', 'symlink_install': False, 'test_result_base': None}
[1.058s] INFO:colcon.colcon_core.executor:Executing jobs using 'parallel' executor
[1.068s] DEBUG:colcon.colcon_parallel_executor.executor.parallel:run_until_complete
[1.069s] INFO:colcon.colcon_ros.task.ament_python.build:Building ROS package in '/home/legacy/magnetic_arm/src/magnetic_robot' with build type 'ament_python'
[1.069s] Level 1:colcon.colcon_core.shell:create_environment_hook('magnetic_robot', 'ament_prefix_path')
[1.080s] INFO:colcon.colcon_core.plugin_system:Skipping extension 'colcon_core.shell.bat': Not used on non-Windows systems
[1.081s] INFO:colcon.colcon_core.shell:Creating environment hook '/home/legacy/magnetic_arm/install/magnetic_robot/share/magnetic_robot/hook/ament_prefix_path.ps1'
[1.083s] INFO:colcon.colcon_core.shell:Creating environment descriptor '/home/legacy/magnetic_arm/install/magnetic_robot/share/magnetic_robot/hook/ament_prefix_path.dsv'
[1.083s] INFO:colcon.colcon_core.shell:Creating environment hook '/home/legacy/magnetic_arm/install/magnetic_robot/share/magnetic_robot/hook/ament_prefix_path.sh'
[1.088s] INFO:colcon.colcon_core.shell:Skip shell extension 'powershell' for command environment: Not usable outside of PowerShell
[1.088s] DEBUG:colcon.colcon_core.shell:Skip shell extension 'dsv' for command environment
[2.184s] INFO:colcon.colcon_core.task.python.build:Building Python package in '/home/legacy/magnetic_arm/src/magnetic_robot'
[2.188s] INFO:colcon.colcon_core.shell:Skip shell extension 'powershell' for command environment: Not usable outside of PowerShell
[2.188s] DEBUG:colcon.colcon_core.shell:Skip shell extension 'dsv' for command environment
[3.712s] DEBUG:colcon.colcon_core.event_handler.log_command:Invoking command in '/home/legacy/magnetic_arm/src/magnetic_robot': PYTHONPATH=/home/legacy/magnetic_arm/install/magnetic_robot/lib/python3.8/site-packages:${PYTHONPATH} /usr/bin/python3 setup.py egg_info --egg-base ../../build/magnetic_robot build --build-base /home/legacy/magnetic_arm/build/magnetic_robot/build install --prefix /home/legacy/magnetic_arm/install/magnetic_robot --record /home/legacy/magnetic_arm/build/magnetic_robot/install.log --single-version-externally-managed
[6.031s] DEBUG:colcon.colcon_core.event_handler.log_command:Invoked command in '/home/legacy/magnetic_arm/src/magnetic_robot' returned '0': PYTHONPATH=/home/legacy/magnetic_arm/install/magnetic_robot/lib/python3.8/site-packages:${PYTHONPATH} /usr/bin/python3 setup.py egg_info --egg-base ../../build/magnetic_robot build --build-base /home/legacy/magnetic_arm/build/magnetic_robot/build install --prefix /home/legacy/magnetic_arm/install/magnetic_robot --record /home/legacy/magnetic_arm/build/magnetic_robot/install.log --single-version-externally-managed
[6.044s] Level 1:colcon.colcon_core.environment:checking '/home/legacy/magnetic_arm/install/magnetic_robot' for CMake module files
[6.044s] Level 1:colcon.colcon_core.environment:checking '/home/legacy/magnetic_arm/install/magnetic_robot' for CMake config files
[6.045s] Level 1:colcon.colcon_core.environment:checking '/home/legacy/magnetic_arm/install/magnetic_robot/lib'
[6.046s] Level 1:colcon.colcon_core.environment:checking '/home/legacy/magnetic_arm/install/magnetic_robot/bin'
[6.046s] Level 1:colcon.colcon_core.environment:checking '/home/legacy/magnetic_arm/install/magnetic_robot/lib/pkgconfig/magnetic_robot.pc'
[6.046s] Level 1:colcon.colcon_core.environment:checking '/home/legacy/magnetic_arm/install/magnetic_robot/lib/python3.8/site-packages'
[6.046s] Level 1:colcon.colcon_core.shell:create_environment_hook('magnetic_robot', 'pythonpath')
[6.050s] INFO:colcon.colcon_core.shell:Creating environment hook '/home/legacy/magnetic_arm/install/magnetic_robot/share/magnetic_robot/hook/pythonpath.ps1'
[6.050s] INFO:colcon.colcon_core.shell:Creating environment descriptor '/home/legacy/magnetic_arm/install/magnetic_robot/share/magnetic_robot/hook/pythonpath.dsv'
[6.051s] INFO:colcon.colcon_core.shell:Creating environment hook '/home/legacy/magnetic_arm/install/magnetic_robot/share/magnetic_robot/hook/pythonpath.sh'
[6.051s] Level 1:colcon.colcon_core.environment:checking '/home/legacy/magnetic_arm/install/magnetic_robot/bin'
[6.051s] Level 1:colcon.colcon_core.environment:create_environment_scripts_only(magnetic_robot)
[6.055s] INFO:colcon.colcon_core.shell:Creating package script '/home/legacy/magnetic_arm/install/magnetic_robot/share/magnetic_robot/package.ps1'
[6.056s] INFO:colcon.colcon_core.shell:Creating package descriptor '/home/legacy/magnetic_arm/install/magnetic_robot/share/magnetic_robot/package.dsv'
[6.056s] INFO:colcon.colcon_core.shell:Creating package script '/home/legacy/magnetic_arm/install/magnetic_robot/share/magnetic_robot/package.sh'
[6.057s] INFO:colcon.colcon_core.shell:Creating package script '/home/legacy/magnetic_arm/install/magnetic_robot/share/magnetic_robot/package.bash'
[6.058s] INFO:colcon.colcon_core.shell:Creating package script '/home/legacy/magnetic_arm/install/magnetic_robot/share/magnetic_robot/package.zsh'
[6.059s] Level 1:colcon.colcon_core.environment:create_file_with_runtime_dependencies(/home/legacy/magnetic_arm/install/magnetic_robot/share/colcon-core/packages/magnetic_robot)
[6.060s] DEBUG:colcon.colcon_parallel_executor.executor.parallel:closing loop
[6.060s] DEBUG:colcon.colcon_parallel_executor.executor.parallel:loop closed
[6.060s] DEBUG:colcon.colcon_parallel_executor.executor.parallel:run_until_complete finished with '0'
[6.060s] DEBUG:colcon.colcon_core.event_reactor:joining thread
[6.078s] INFO:colcon.colcon_core.plugin_system:Skipping extension 'colcon_notification.desktop_notification.terminal_notifier': Not used on non-Darwin systems
[6.078s] INFO:colcon.colcon_core.plugin_system:Skipping extension 'colcon_notification.desktop_notification.win32': Not used on non-Windows systems
[6.078s] INFO:colcon.colcon_notification.desktop_notification:Sending desktop notification using 'notify2'
[6.100s] DEBUG:colcon.colcon_core.event_reactor:joined thread
[6.107s] INFO:colcon.colcon_core.shell:Creating prefix script '/home/legacy/magnetic_arm/install/local_setup.ps1'
[6.109s] INFO:colcon.colcon_core.shell:Creating prefix util module '/home/legacy/magnetic_arm/install/_local_setup_util_ps1.py'
[6.112s] INFO:colcon.colcon_core.shell:Creating prefix chain script '/home/legacy/magnetic_arm/install/setup.ps1'
[6.114s] INFO:colcon.colcon_core.shell:Creating prefix script '/home/legacy/magnetic_arm/install/local_setup.sh'
[6.115s] INFO:colcon.colcon_core.shell:Creating prefix util module '/home/legacy/magnetic_arm/install/_local_setup_util_sh.py'
[6.116s] INFO:colcon.colcon_core.shell:Creating prefix chain script '/home/legacy/magnetic_arm/install/setup.sh'
[6.118s] INFO:colcon.colcon_core.shell:Creating prefix script '/home/legacy/magnetic_arm/install/local_setup.bash'
[6.119s] INFO:colcon.colcon_core.shell:Creating prefix chain script '/home/legacy/magnetic_arm/install/setup.bash'
[6.122s] INFO:colcon.colcon_core.shell:Creating prefix script '/home/legacy/magnetic_arm/install/local_setup.zsh'
[6.123s] INFO:colcon.colcon_core.shell:Creating prefix chain script '/home/legacy/magnetic_arm/install/setup.zsh'
