[2.549s] Invoking command in '/home/legacy/magnetic_arm/src/magnetic_robot': PYTHONPATH=/home/legacy/magnetic_arm/install/magnetic_robot/lib/python3.8/site-packages:${PYTHONPATH} /usr/bin/python3 setup.py egg_info --egg-base ../../build/magnetic_robot build --build-base /home/legacy/magnetic_arm/build/magnetic_robot/build install --prefix /home/legacy/magnetic_arm/install/magnetic_robot --record /home/legacy/magnetic_arm/build/magnetic_robot/install.log --single-version-externally-managed
[2.863s] /home/legacy/.local/lib/python3.8/site-packages/setuptools/dist.py:772: UserWarning: Usage of dash-separated 'script-dir' will not be supported in future versions. Please use the underscore name 'script_dir' instead
[2.863s]   warnings.warn(
[2.863s] /home/legacy/.local/lib/python3.8/site-packages/setuptools/dist.py:772: UserWarning: Usage of dash-separated 'install-scripts' will not be supported in future versions. Please use the underscore name 'install_scripts' instead
[2.863s]   warnings.warn(
[3.567s] running egg_info
[3.568s] creating ../../build/magnetic_robot/magnetic_robot.egg-info
[3.637s] writing ../../build/magnetic_robot/magnetic_robot.egg-info/PKG-INFO
[3.693s] writing dependency_links to ../../build/magnetic_robot/magnetic_robot.egg-info/dependency_links.txt
[3.858s] writing entry points to ../../build/magnetic_robot/magnetic_robot.egg-info/entry_points.txt
[3.967s] writing requirements to ../../build/magnetic_robot/magnetic_robot.egg-info/requires.txt
[4.022s] writing top-level names to ../../build/magnetic_robot/magnetic_robot.egg-info/top_level.txt
[4.027s] writing manifest file '../../build/magnetic_robot/magnetic_robot.egg-info/SOURCES.txt'
[4.114s] reading manifest file '../../build/magnetic_robot/magnetic_robot.egg-info/SOURCES.txt'
[4.115s] writing manifest file '../../build/magnetic_robot/magnetic_robot.egg-info/SOURCES.txt'
[4.115s] running build
[4.115s] running build_py
[4.116s] creating /home/legacy/magnetic_arm/build/magnetic_robot/build
[4.116s] creating /home/legacy/magnetic_arm/build/magnetic_robot/build/lib
[4.116s] creating /home/legacy/magnetic_arm/build/magnetic_robot/build/lib/magnetic_robot
[4.116s] copying magnetic_robot/__init__.py -> /home/legacy/magnetic_arm/build/magnetic_robot/build/lib/magnetic_robot
[4.116s] copying magnetic_robot/position_controller.py -> /home/legacy/magnetic_arm/build/magnetic_robot/build/lib/magnetic_robot
[4.116s] running install
[4.116s] /home/legacy/.local/lib/python3.8/site-packages/setuptools/command/install.py:34: SetuptoolsDeprecationWarning: setup.py install is deprecated. Use build and pip and other standards-based tools.
[4.116s]   warnings.warn(
[4.123s] running install_lib
[4.201s] creating /home/legacy/magnetic_arm/install/magnetic_robot/lib/python3.8/site-packages/magnetic_robot
[4.201s] copying /home/legacy/magnetic_arm/build/magnetic_robot/build/lib/magnetic_robot/__init__.py -> /home/legacy/magnetic_arm/install/magnetic_robot/lib/python3.8/site-packages/magnetic_robot
[4.201s] copying /home/legacy/magnetic_arm/build/magnetic_robot/build/lib/magnetic_robot/position_controller.py -> /home/legacy/magnetic_arm/install/magnetic_robot/lib/python3.8/site-packages/magnetic_robot
[4.201s] byte-compiling /home/legacy/magnetic_arm/install/magnetic_robot/lib/python3.8/site-packages/magnetic_robot/__init__.py to __init__.cpython-38.pyc
[4.201s] byte-compiling /home/legacy/magnetic_arm/install/magnetic_robot/lib/python3.8/site-packages/magnetic_robot/position_controller.py to position_controller.cpython-38.pyc
[4.202s] running install_data
[4.217s] creating /home/legacy/magnetic_arm/install/magnetic_robot/share/ament_index
[4.217s] creating /home/legacy/magnetic_arm/install/magnetic_robot/share/ament_index/resource_index
[4.217s] creating /home/legacy/magnetic_arm/install/magnetic_robot/share/ament_index/resource_index/packages
[4.217s] copying resource/magnetic_robot -> /home/legacy/magnetic_arm/install/magnetic_robot/share/ament_index/resource_index/packages
[4.217s] copying package.xml -> /home/legacy/magnetic_arm/install/magnetic_robot/share/magnetic_robot
[4.217s] creating /home/legacy/magnetic_arm/install/magnetic_robot/share/magnetic_robot/urdf
[4.217s] copying urdf/Magnetic_robot.urdf -> /home/legacy/magnetic_arm/install/magnetic_robot/share/magnetic_robot/urdf
[4.218s] copying urdf/Magnetic_robot.urdf.xacro -> /home/legacy/magnetic_arm/install/magnetic_robot/share/magnetic_robot/urdf
[4.219s] copying urdf/Magnetic_robot_effort.urdf -> /home/legacy/magnetic_arm/install/magnetic_robot/share/magnetic_robot/urdf
[4.219s] creating /home/legacy/magnetic_arm/install/magnetic_robot/share/magnetic_robot/launch
[4.219s] copying launch/spawn.launch.py -> /home/legacy/magnetic_arm/install/magnetic_robot/share/magnetic_robot/launch
[4.219s] copying launch/effort_controller.launch.py -> /home/legacy/magnetic_arm/install/magnetic_robot/share/magnetic_robot/launch
[4.219s] copying launch/gazebo.launch.py -> /home/legacy/magnetic_arm/install/magnetic_robot/share/magnetic_robot/launch
[4.219s] copying launch/display.launch.py -> /home/legacy/magnetic_arm/install/magnetic_robot/share/magnetic_robot/launch
[4.219s] copying launch/move.launch.py -> /home/legacy/magnetic_arm/install/magnetic_robot/share/magnetic_robot/launch
[4.219s] copying launch/controller.launch.py -> /home/legacy/magnetic_arm/install/magnetic_robot/share/magnetic_robot/launch
[4.220s] creating /home/legacy/magnetic_arm/install/magnetic_robot/share/magnetic_robot/meshes
[4.220s] copying meshes/link_3.STL -> /home/legacy/magnetic_arm/install/magnetic_robot/share/magnetic_robot/meshes
[4.222s] copying meshes/link_2.STL -> /home/legacy/magnetic_arm/install/magnetic_robot/share/magnetic_robot/meshes
[4.224s] copying meshes/link_6.STL -> /home/legacy/magnetic_arm/install/magnetic_robot/share/magnetic_robot/meshes
[4.224s] copying meshes/link_5.STL -> /home/legacy/magnetic_arm/install/magnetic_robot/share/magnetic_robot/meshes
[4.226s] copying meshes/link_1.STL -> /home/legacy/magnetic_arm/install/magnetic_robot/share/magnetic_robot/meshes
[4.228s] copying meshes/link_4.STL -> /home/legacy/magnetic_arm/install/magnetic_robot/share/magnetic_robot/meshes
[4.229s] copying meshes/base_link.STL -> /home/legacy/magnetic_arm/install/magnetic_robot/share/magnetic_robot/meshes
[4.230s] creating /home/legacy/magnetic_arm/install/magnetic_robot/share/magnetic_robot/config
[4.230s] copying config/trajectory_params.yaml -> /home/legacy/magnetic_arm/install/magnetic_robot/share/magnetic_robot/config
[4.230s] copying config/effort_controller.yaml -> /home/legacy/magnetic_arm/install/magnetic_robot/share/magnetic_robot/config
[4.231s] copying config/controller.yaml -> /home/legacy/magnetic_arm/install/magnetic_robot/share/magnetic_robot/config
[4.231s] creating /home/legacy/magnetic_arm/install/magnetic_robot/share/magnetic_robot/worlds
[4.231s] copying worlds/sim_world.world -> /home/legacy/magnetic_arm/install/magnetic_robot/share/magnetic_robot/worlds
[4.231s] running install_egg_info
[4.301s] Copying ../../build/magnetic_robot/magnetic_robot.egg-info to /home/legacy/magnetic_arm/install/magnetic_robot/lib/python3.8/site-packages/magnetic_robot-0.0.0-py3.8.egg-info
[4.302s] running install_scripts
[4.432s] Installing position_controller script to /home/legacy/magnetic_arm/install/magnetic_robot/lib/magnetic_robot
[4.432s] writing list of installed files to '/home/legacy/magnetic_arm/build/magnetic_robot/install.log'
[4.478s] Invoked command in '/home/legacy/magnetic_arm/src/magnetic_robot' returned '0': PYTHONPATH=/home/legacy/magnetic_arm/install/magnetic_robot/lib/python3.8/site-packages:${PYTHONPATH} /usr/bin/python3 setup.py egg_info --egg-base ../../build/magnetic_robot build --build-base /home/legacy/magnetic_arm/build/magnetic_robot/build install --prefix /home/legacy/magnetic_arm/install/magnetic_robot --record /home/legacy/magnetic_arm/build/magnetic_robot/install.log --single-version-externally-managed
