[0.695s] Invoking command in '/home/legacy/magnetic_arm/src/magnetic_robot': PYTHONPATH=/home/legacy/magnetic_arm/install/magnetic_robot/lib/python3.8/site-packages:${PYTHONPATH} /usr/bin/python3 setup.py egg_info --egg-base ../../build/magnetic_robot build --build-base /home/legacy/magnetic_arm/build/magnetic_robot/build install --prefix /home/legacy/magnetic_arm/install/magnetic_robot --record /home/legacy/magnetic_arm/build/magnetic_robot/install.log --single-version-externally-managed
[0.962s] running egg_info
[0.962s] writing ../../build/magnetic_robot/magnetic_robot.egg-info/PKG-INFO
[0.962s] writing dependency_links to ../../build/magnetic_robot/magnetic_robot.egg-info/dependency_links.txt
[0.963s] writing entry points to ../../build/magnetic_robot/magnetic_robot.egg-info/entry_points.txt
[0.963s] writing requirements to ../../build/magnetic_robot/magnetic_robot.egg-info/requires.txt
[0.963s] writing top-level names to ../../build/magnetic_robot/magnetic_robot.egg-info/top_level.txt
[0.997s] reading manifest file '../../build/magnetic_robot/magnetic_robot.egg-info/SOURCES.txt'
[0.998s] writing manifest file '../../build/magnetic_robot/magnetic_robot.egg-info/SOURCES.txt'
[0.998s] running build
[0.999s] running build_py
[0.999s] running install
[0.999s] running install_lib
[1.001s] running install_data
[1.001s] copying launch/gazebo.launch.py -> /home/legacy/magnetic_arm/install/magnetic_robot/share/magnetic_robot/launch
[1.001s] copying launch/controller.launch.py -> /home/legacy/magnetic_arm/install/magnetic_robot/share/magnetic_robot/launch
[1.002s] running install_egg_info
[1.003s] removing '/home/legacy/magnetic_arm/install/magnetic_robot/lib/python3.8/site-packages/magnetic_robot-0.0.0-py3.8.egg-info' (and everything under it)
[1.004s] Copying ../../build/magnetic_robot/magnetic_robot.egg-info to /home/legacy/magnetic_arm/install/magnetic_robot/lib/python3.8/site-packages/magnetic_robot-0.0.0-py3.8.egg-info
[1.005s] running install_scripts
[1.021s] Installing position_controller script to /home/legacy/magnetic_arm/install/magnetic_robot/lib/magnetic_robot
[1.021s] writing list of installed files to '/home/legacy/magnetic_arm/build/magnetic_robot/install.log'
[1.040s] Invoked command in '/home/legacy/magnetic_arm/src/magnetic_robot' returned '0': PYTHONPATH=/home/legacy/magnetic_arm/install/magnetic_robot/lib/python3.8/site-packages:${PYTHONPATH} /usr/bin/python3 setup.py egg_info --egg-base ../../build/magnetic_robot build --build-base /home/legacy/magnetic_arm/build/magnetic_robot/build install --prefix /home/legacy/magnetic_arm/install/magnetic_robot --record /home/legacy/magnetic_arm/build/magnetic_robot/install.log --single-version-externally-managed
