running egg_info
writing ../../build/magnetic_robot/magnetic_robot.egg-info/PKG-INFO
writing dependency_links to ../../build/magnetic_robot/magnetic_robot.egg-info/dependency_links.txt
writing entry points to ../../build/magnetic_robot/magnetic_robot.egg-info/entry_points.txt
writing requirements to ../../build/magnetic_robot/magnetic_robot.egg-info/requires.txt
writing top-level names to ../../build/magnetic_robot/magnetic_robot.egg-info/top_level.txt
reading manifest file '../../build/magnetic_robot/magnetic_robot.egg-info/SOURCES.txt'
writing manifest file '../../build/magnetic_robot/magnetic_robot.egg-info/SOURCES.txt'
running build
running build_py
copying magnetic_robot/position_controller.py -> /home/legacy/magnetic_arm/build/magnetic_robot/build/lib/magnetic_robot
running install
running install_lib
copying /home/legacy/magnetic_arm/build/magnetic_robot/build/lib/magnetic_robot/position_controller.py -> /home/legacy/magnetic_arm/install/magnetic_robot/lib/python3.8/site-packages/magnetic_robot
byte-compiling /home/legacy/magnetic_arm/install/magnetic_robot/lib/python3.8/site-packages/magnetic_robot/position_controller.py to position_controller.cpython-38.pyc
running install_data
running install_egg_info
removing '/home/legacy/magnetic_arm/install/magnetic_robot/lib/python3.8/site-packages/magnetic_robot-0.0.0-py3.8.egg-info' (and everything under it)
Copying ../../build/magnetic_robot/magnetic_robot.egg-info to /home/legacy/magnetic_arm/install/magnetic_robot/lib/python3.8/site-packages/magnetic_robot-0.0.0-py3.8.egg-info
running install_scripts
Installing position_controller script to /home/legacy/magnetic_arm/install/magnetic_robot/lib/magnetic_robot
writing list of installed files to '/home/legacy/magnetic_arm/build/magnetic_robot/install.log'
