[0.682s] Invoking command in '/home/legacy/magnetic_arm/src/magnetic_robot': PYTHONPATH=/home/legacy/magnetic_arm/install/magnetic_robot/lib/python3.8/site-packages:${PYTHONPATH} /usr/bin/python3 setup.py egg_info --egg-base ../../build/magnetic_robot build --build-base /home/legacy/magnetic_arm/build/magnetic_robot/build install --prefix /home/legacy/magnetic_arm/install/magnetic_robot --record /home/legacy/magnetic_arm/build/magnetic_robot/install.log --single-version-externally-managed
[0.925s] running egg_info
[0.925s] writing ../../build/magnetic_robot/magnetic_robot.egg-info/PKG-INFO
[0.925s] writing dependency_links to ../../build/magnetic_robot/magnetic_robot.egg-info/dependency_links.txt
[0.926s] writing entry points to ../../build/magnetic_robot/magnetic_robot.egg-info/entry_points.txt
[0.926s] writing requirements to ../../build/magnetic_robot/magnetic_robot.egg-info/requires.txt
[0.926s] writing top-level names to ../../build/magnetic_robot/magnetic_robot.egg-info/top_level.txt
[0.958s] reading manifest file '../../build/magnetic_robot/magnetic_robot.egg-info/SOURCES.txt'
[0.959s] writing manifest file '../../build/magnetic_robot/magnetic_robot.egg-info/SOURCES.txt'
[0.959s] running build
[0.959s] running build_py
[0.959s] copying magnetic_robot/position_controller.py -> /home/legacy/magnetic_arm/build/magnetic_robot/build/lib/magnetic_robot
[0.959s] running install
[0.960s] running install_lib
[0.961s] copying /home/legacy/magnetic_arm/build/magnetic_robot/build/lib/magnetic_robot/position_controller.py -> /home/legacy/magnetic_arm/install/magnetic_robot/lib/python3.8/site-packages/magnetic_robot
[0.961s] byte-compiling /home/legacy/magnetic_arm/install/magnetic_robot/lib/python3.8/site-packages/magnetic_robot/position_controller.py to position_controller.cpython-38.pyc
[0.963s] running install_data
[0.963s] copying urdf/Magnetic_robot.urdf -> /home/legacy/magnetic_arm/install/magnetic_robot/share/magnetic_robot/urdf
[0.964s] copying config/controller.yaml -> /home/legacy/magnetic_arm/install/magnetic_robot/share/magnetic_robot/config
[0.964s] running install_egg_info
[0.965s] removing '/home/legacy/magnetic_arm/install/magnetic_robot/lib/python3.8/site-packages/magnetic_robot-0.0.0-py3.8.egg-info' (and everything under it)
[0.965s] Copying ../../build/magnetic_robot/magnetic_robot.egg-info to /home/legacy/magnetic_arm/install/magnetic_robot/lib/python3.8/site-packages/magnetic_robot-0.0.0-py3.8.egg-info
[0.966s] running install_scripts
[0.981s] Installing position_controller script to /home/legacy/magnetic_arm/install/magnetic_robot/lib/magnetic_robot
[0.981s] writing list of installed files to '/home/legacy/magnetic_arm/build/magnetic_robot/install.log'
[0.998s] Invoked command in '/home/legacy/magnetic_arm/src/magnetic_robot' returned '0': PYTHONPATH=/home/legacy/magnetic_arm/install/magnetic_robot/lib/python3.8/site-packages:${PYTHONPATH} /usr/bin/python3 setup.py egg_info --egg-base ../../build/magnetic_robot build --build-base /home/legacy/magnetic_arm/build/magnetic_robot/build install --prefix /home/legacy/magnetic_arm/install/magnetic_robot --record /home/legacy/magnetic_arm/build/magnetic_robot/install.log --single-version-externally-managed
