[0.625s] Invoking command in '/home/legacy/magnetic_arm/src/magnetic_robot': PYTHONPATH=/home/legacy/magnetic_arm/install/magnetic_robot/lib/python3.8/site-packages:${PYTHONPATH} /usr/bin/python3 setup.py egg_info --egg-base ../../build/magnetic_robot build --build-base /home/legacy/magnetic_arm/build/magnetic_robot/build install --prefix /home/legacy/magnetic_arm/install/magnetic_robot --record /home/legacy/magnetic_arm/build/magnetic_robot/install.log --single-version-externally-managed
[0.847s] running egg_info
[0.848s] writing ../../build/magnetic_robot/magnetic_robot.egg-info/PKG-INFO
[0.848s] writing dependency_links to ../../build/magnetic_robot/magnetic_robot.egg-info/dependency_links.txt
[0.848s] writing entry points to ../../build/magnetic_robot/magnetic_robot.egg-info/entry_points.txt
[0.848s] writing requirements to ../../build/magnetic_robot/magnetic_robot.egg-info/requires.txt
[0.848s] writing top-level names to ../../build/magnetic_robot/magnetic_robot.egg-info/top_level.txt
[0.878s] reading manifest file '../../build/magnetic_robot/magnetic_robot.egg-info/SOURCES.txt'
[0.878s] writing manifest file '../../build/magnetic_robot/magnetic_robot.egg-info/SOURCES.txt'
[0.878s] running build
[0.878s] running build_py
[0.879s] running install
[0.879s] running install_lib
[0.880s] running install_data
[0.881s] copying urdf/Magnetic_robot.urdf.xacro -> /home/legacy/magnetic_arm/install/magnetic_robot/share/magnetic_robot/urdf
[0.881s] running install_egg_info
[0.882s] removing '/home/legacy/magnetic_arm/install/magnetic_robot/lib/python3.8/site-packages/magnetic_robot-0.0.0-py3.8.egg-info' (and everything under it)
[0.883s] Copying ../../build/magnetic_robot/magnetic_robot.egg-info to /home/legacy/magnetic_arm/install/magnetic_robot/lib/python3.8/site-packages/magnetic_robot-0.0.0-py3.8.egg-info
[0.883s] running install_scripts
[0.897s] Installing position_controller script to /home/legacy/magnetic_arm/install/magnetic_robot/lib/magnetic_robot
[0.897s] writing list of installed files to '/home/legacy/magnetic_arm/build/magnetic_robot/install.log'
[0.913s] Invoked command in '/home/legacy/magnetic_arm/src/magnetic_robot' returned '0': PYTHONPATH=/home/legacy/magnetic_arm/install/magnetic_robot/lib/python3.8/site-packages:${PYTHONPATH} /usr/bin/python3 setup.py egg_info --egg-base ../../build/magnetic_robot build --build-base /home/legacy/magnetic_arm/build/magnetic_robot/build install --prefix /home/legacy/magnetic_arm/install/magnetic_robot --record /home/legacy/magnetic_arm/build/magnetic_robot/install.log --single-version-externally-managed
